[2025-12-09 15:48:15] USB日志已启用
[2025-12-09 15:48:15] 获取设备列表: 找到 13 个设备
[2025-12-09 15:48:15] 扫描到 1 个USB设备
[2025-12-09 15:48:15] 扫描到 1 个USB设备
[2025-12-09 15:48:15] 打开设备: 357C39673033
[2025-12-09 15:48:15] 获取设备列表: 找到 13 个设备
[2025-12-09 15:48:15] 成功打开设备: 357C39673033, 设备ID: 0
[2025-12-09 15:48:15] 成功打开设备，ID: 0
[2025-12-09 15:48:15] UART_Init开始执行
[2025-12-09 15:48:15] UART配置: BaudRate=115200, WordLength=0, StopBits=0, Parity=0, TEPolarity=0x00
[2025-12-09 15:48:15] UART初始化结果: 26
[2025-12-09 15:48:15] 收到UART数据: protocol_type=3, cmd_id=3, device_index=1, data_len=13
[2025-12-09 15:48:15] 分发UART数据: 13字节, cmd_id=3, device_index=1
[2025-12-09 15:48:16] 成功读取UART数据，UART索引: 1, 数据长度: 13字节
[2025-12-09 15:48:16] 收到UART数据: protocol_type=3, cmd_id=3, device_index=1, data_len=13
[2025-12-09 15:48:16] 分发UART数据: 13字节, cmd_id=3, device_index=1
[2025-12-09 15:48:17] 成功读取UART数据，UART索引: 1, 数据长度: 13字节
[2025-12-09 15:48:17] 收到UART数据: protocol_type=3, cmd_id=3, device_index=1, data_len=13
[2025-12-09 15:48:17] 分发UART数据: 13字节, cmd_id=3, device_index=1
[2025-12-09 15:48:18] 成功读取UART数据，UART索引: 1, 数据长度: 13字节
[2025-12-09 15:48:18] 收到UART数据: protocol_type=3, cmd_id=3, device_index=1, data_len=13
[2025-12-09 15:48:18] 分发UART数据: 13字节, cmd_id=3, device_index=1
[2025-12-09 15:48:19] 成功读取UART数据，UART索引: 1, 数据长度: 13字节
[2025-12-09 15:48:19] 收到UART数据: protocol_type=3, cmd_id=3, device_index=1, data_len=13
[2025-12-09 15:48:19] 分发UART数据: 13字节, cmd_id=3, device_index=1
[2025-12-09 15:48:20] 成功读取UART数据，UART索引: 1, 数据长度: 13字节
[2025-12-09 15:48:20] 收到UART数据: protocol_type=3, cmd_id=3, device_index=1, data_len=13
[2025-12-09 15:48:20] 分发UART数据: 13字节, cmd_id=3, device_index=1
[2025-12-09 15:48:21] 成功读取UART数据，UART索引: 1, 数据长度: 13字节
[2025-12-09 15:48:21] 收到UART数据: protocol_type=3, cmd_id=3, device_index=1, data_len=13
[2025-12-09 15:48:21] 分发UART数据: 13字节, cmd_id=3, device_index=1
[2025-12-09 15:48:22] 成功读取UART数据，UART索引: 1, 数据长度: 13字节
[2025-12-09 15:48:22] 收到UART数据: protocol_type=3, cmd_id=3, device_index=1, data_len=13
[2025-12-09 15:48:22] 分发UART数据: 13字节, cmd_id=3, device_index=1
[2025-12-09 15:48:23] 成功读取UART数据，UART索引: 1, 数据长度: 13字节
[2025-12-09 15:48:23] 收到UART数据: protocol_type=3, cmd_id=3, device_index=1, data_len=13
[2025-12-09 15:48:23] 分发UART数据: 13字节, cmd_id=3, device_index=1
[2025-12-09 15:48:24] 成功读取UART数据，UART索引: 1, 数据长度: 13字节
[2025-12-09 15:48:24] 收到UART数据: protocol_type=3, cmd_id=3, device_index=1, data_len=13
[2025-12-09 15:48:24] 分发UART数据: 13字节, cmd_id=3, device_index=1
[2025-12-09 15:48:24] 成功读取UART数据，UART索引: 1, 数据长度: 13字节
[2025-12-09 15:48:25] 收到UART数据: protocol_type=3, cmd_id=3, device_index=1, data_len=13
[2025-12-09 15:48:25] 分发UART数据: 13字节, cmd_id=3, device_index=1
[2025-12-09 15:48:25] 成功读取UART数据，UART索引: 1, 数据长度: 13字节
[2025-12-09 15:48:26] 收到UART数据: protocol_type=3, cmd_id=3, device_index=1, data_len=13
[2025-12-09 15:48:26] 分发UART数据: 13字节, cmd_id=3, device_index=1
[2025-12-09 15:48:26] 成功读取UART数据，UART索引: 1, 数据长度: 13字节
[2025-12-09 15:48:27] 收到UART数据: protocol_type=3, cmd_id=3, device_index=1, data_len=13
[2025-12-09 15:48:27] 分发UART数据: 13字节, cmd_id=3, device_index=1
[2025-12-09 15:48:27] 成功读取UART数据，UART索引: 1, 数据长度: 13字节
[2025-12-09 15:48:28] 收到UART数据: protocol_type=3, cmd_id=3, device_index=1, data_len=13
[2025-12-09 15:48:28] 分发UART数据: 13字节, cmd_id=3, device_index=1
[2025-12-09 15:48:29] 成功读取UART数据，UART索引: 1, 数据长度: 13字节
[2025-12-09 15:48:29] 收到UART数据: protocol_type=3, cmd_id=3, device_index=1, data_len=13
[2025-12-09 15:48:29] 分发UART数据: 13字节, cmd_id=3, device_index=1
[2025-12-09 15:48:30] 成功读取UART数据，UART索引: 1, 数据长度: 13字节
[2025-12-09 15:48:30] 收到UART数据: protocol_type=3, cmd_id=3, device_index=1, data_len=13
[2025-12-09 15:48:30] 分发UART数据: 13字节, cmd_id=3, device_index=1
[2025-12-09 15:48:31] 成功读取UART数据，UART索引: 1, 数据长度: 13字节
[2025-12-09 15:48:31] 收到UART数据: protocol_type=3, cmd_id=3, device_index=1, data_len=13
[2025-12-09 15:48:31] 分发UART数据: 13字节, cmd_id=3, device_index=1
[2025-12-09 15:48:32] 成功读取UART数据，UART索引: 1, 数据长度: 13字节
[2025-12-09 15:48:32] 收到UART数据: protocol_type=3, cmd_id=3, device_index=1, data_len=13
[2025-12-09 15:48:32] 分发UART数据: 13字节, cmd_id=3, device_index=1
[2025-12-09 15:48:33] 成功读取UART数据，UART索引: 1, 数据长度: 13字节
[2025-12-09 15:48:33] 收到UART数据: protocol_type=3, cmd_id=3, device_index=1, data_len=13
[2025-12-09 15:48:33] 分发UART数据: 13字节, cmd_id=3, device_index=1
[2025-12-09 15:48:34] 成功读取UART数据，UART索引: 1, 数据长度: 13字节
[2025-12-09 15:48:34] 收到UART数据: protocol_type=3, cmd_id=3, device_index=1, data_len=13
[2025-12-09 15:48:34] 分发UART数据: 13字节, cmd_id=3, device_index=1
[2025-12-09 15:48:35] 成功读取UART数据，UART索引: 1, 数据长度: 13字节
[2025-12-09 15:48:35] 收到UART数据: protocol_type=3, cmd_id=3, device_index=1, data_len=13
[2025-12-09 15:48:35] 分发UART数据: 13字节, cmd_id=3, device_index=1
[2025-12-09 15:48:36] 成功读取UART数据，UART索引: 1, 数据长度: 13字节
[2025-12-09 15:48:36] 收到UART数据: protocol_type=3, cmd_id=3, device_index=1, data_len=13
[2025-12-09 15:48:36] 分发UART数据: 13字节, cmd_id=3, device_index=1
[2025-12-09 15:48:37] 成功读取UART数据，UART索引: 1, 数据长度: 13字节
[2025-12-09 15:48:37] 收到UART数据: protocol_type=3, cmd_id=3, device_index=1, data_len=13
[2025-12-09 15:48:37] 分发UART数据: 13字节, cmd_id=3, device_index=1
[2025-12-09 15:48:38] 成功读取UART数据，UART索引: 1, 数据长度: 13字节
[2025-12-09 15:48:38] 收到UART数据: protocol_type=3, cmd_id=3, device_index=1, data_len=13
[2025-12-09 15:48:38] 分发UART数据: 13字节, cmd_id=3, device_index=1
[2025-12-09 15:48:39] 成功读取UART数据，UART索引: 1, 数据长度: 13字节
[2025-12-09 15:48:39] 收到UART数据: protocol_type=3, cmd_id=3, device_index=1, data_len=13
[2025-12-09 15:48:39] 分发UART数据: 13字节, cmd_id=3, device_index=1
[2025-12-09 15:48:40] 成功读取UART数据，UART索引: 1, 数据长度: 13字节
[2025-12-09 15:48:40] 收到UART数据: protocol_type=3, cmd_id=3, device_index=1, data_len=13
[2025-12-09 15:48:40] 分发UART数据: 13字节, cmd_id=3, device_index=1
[2025-12-09 15:48:41] 成功读取UART数据，UART索引: 1, 数据长度: 13字节
[2025-12-09 15:48:41] 收到UART数据: protocol_type=3, cmd_id=3, device_index=1, data_len=13
[2025-12-09 15:48:41] 分发UART数据: 13字节, cmd_id=3, device_index=1
[2025-12-09 15:48:41] 成功读取UART数据，UART索引: 1, 数据长度: 13字节
[2025-12-09 15:48:42] 收到UART数据: protocol_type=3, cmd_id=3, device_index=1, data_len=13
[2025-12-09 15:48:42] 分发UART数据: 13字节, cmd_id=3, device_index=1
[2025-12-09 15:48:42] 成功读取UART数据，UART索引: 1, 数据长度: 13字节
[2025-12-09 15:48:43] 收到UART数据: protocol_type=3, cmd_id=3, device_index=1, data_len=13
[2025-12-09 15:48:43] 分发UART数据: 13字节, cmd_id=3, device_index=1
[2025-12-09 15:48:43] 成功读取UART数据，UART索引: 1, 数据长度: 13字节
[2025-12-09 15:48:44] 收到UART数据: protocol_type=3, cmd_id=3, device_index=1, data_len=13
[2025-12-09 15:48:44] 分发UART数据: 13字节, cmd_id=3, device_index=1
[2025-12-09 15:48:45] 成功读取UART数据，UART索引: 1, 数据长度: 13字节
[2025-12-09 15:48:45] 收到UART数据: protocol_type=3, cmd_id=3, device_index=1, data_len=13
[2025-12-09 15:48:45] 分发UART数据: 13字节, cmd_id=3, device_index=1
[2025-12-09 15:48:46] 成功读取UART数据，UART索引: 1, 数据长度: 13字节
[2025-12-09 15:48:46] 收到UART数据: protocol_type=3, cmd_id=3, device_index=1, data_len=13
[2025-12-09 15:48:46] 分发UART数据: 13字节, cmd_id=3, device_index=1
[2025-12-09 15:48:47] 成功读取UART数据，UART索引: 1, 数据长度: 13字节
[2025-12-09 15:48:47] 收到UART数据: protocol_type=3, cmd_id=3, device_index=1, data_len=13
[2025-12-09 15:48:47] 分发UART数据: 13字节, cmd_id=3, device_index=1
[2025-12-09 15:48:47] 成功读取UART数据，UART索引: 1, 数据长度: 13字节
[2025-12-09 15:48:48] 收到UART数据: protocol_type=3, cmd_id=3, device_index=1, data_len=13
[2025-12-09 15:48:48] 分发UART数据: 13字节, cmd_id=3, device_index=1
[2025-12-09 15:48:48] 成功读取UART数据，UART索引: 1, 数据长度: 13字节
[2025-12-09 15:48:49] 收到UART数据: protocol_type=3, cmd_id=3, device_index=1, data_len=13
[2025-12-09 15:48:49] 分发UART数据: 13字节, cmd_id=3, device_index=1
[2025-12-09 15:48:50] 成功读取UART数据，UART索引: 1, 数据长度: 13字节
[2025-12-09 15:48:50] 收到UART数据: protocol_type=3, cmd_id=3, device_index=1, data_len=13
[2025-12-09 15:48:50] 分发UART数据: 13字节, cmd_id=3, device_index=1
[2025-12-09 15:48:51] 成功读取UART数据，UART索引: 1, 数据长度: 13字节
[2025-12-09 15:48:51] 收到UART数据: protocol_type=3, cmd_id=3, device_index=1, data_len=13
[2025-12-09 15:48:51] 分发UART数据: 13字节, cmd_id=3, device_index=1
[2025-12-09 15:48:52] 成功读取UART数据，UART索引: 1, 数据长度: 13字节
[2025-12-09 15:48:52] 收到UART数据: protocol_type=3, cmd_id=3, device_index=1, data_len=13
[2025-12-09 15:48:52] 分发UART数据: 13字节, cmd_id=3, device_index=1
[2025-12-09 15:48:53] 成功读取UART数据，UART索引: 1, 数据长度: 13字节
[2025-12-09 15:48:53] 收到UART数据: protocol_type=3, cmd_id=3, device_index=1, data_len=13
[2025-12-09 15:48:53] 分发UART数据: 13字节, cmd_id=3, device_index=1
[2025-12-09 15:48:54] 成功读取UART数据，UART索引: 1, 数据长度: 13字节
[2025-12-09 15:48:54] 收到UART数据: protocol_type=3, cmd_id=3, device_index=1, data_len=13
[2025-12-09 15:48:54] 分发UART数据: 13字节, cmd_id=3, device_index=1
[2025-12-09 15:48:55] 成功读取UART数据，UART索引: 1, 数据长度: 13字节
[2025-12-09 15:48:55] 收到UART数据: protocol_type=3, cmd_id=3, device_index=1, data_len=13
[2025-12-09 15:48:55] 分发UART数据: 13字节, cmd_id=3, device_index=1
[2025-12-09 15:48:56] 成功读取UART数据，UART索引: 1, 数据长度: 13字节
[2025-12-09 15:48:56] 收到UART数据: protocol_type=3, cmd_id=3, device_index=1, data_len=13
[2025-12-09 15:48:56] 分发UART数据: 13字节, cmd_id=3, device_index=1
[2025-12-09 15:48:57] 成功读取UART数据，UART索引: 1, 数据长度: 13字节
[2025-12-09 15:48:57] 收到UART数据: protocol_type=3, cmd_id=3, device_index=1, data_len=13
[2025-12-09 15:48:57] 分发UART数据: 13字节, cmd_id=3, device_index=1
[2025-12-09 15:48:58] 成功读取UART数据，UART索引: 1, 数据长度: 13字节
[2025-12-09 15:48:58] 收到UART数据: protocol_type=3, cmd_id=3, device_index=1, data_len=13
[2025-12-09 15:48:58] 分发UART数据: 13字节, cmd_id=3, device_index=1
[2025-12-09 15:48:59] 成功读取UART数据，UART索引: 1, 数据长度: 13字节
[2025-12-09 15:48:59] 收到UART数据: protocol_type=3, cmd_id=3, device_index=1, data_len=13
[2025-12-09 15:48:59] 分发UART数据: 13字节, cmd_id=3, device_index=1
[2025-12-09 15:49:00] 成功读取UART数据，UART索引: 1, 数据长度: 13字节
[2025-12-09 15:49:00] 收到UART数据: protocol_type=3, cmd_id=3, device_index=1, data_len=13
[2025-12-09 15:49:00] 分发UART数据: 13字节, cmd_id=3, device_index=1
[2025-12-09 15:49:01] 成功读取UART数据，UART索引: 1, 数据长度: 13字节
[2025-12-09 15:49:01] 收到UART数据: protocol_type=3, cmd_id=3, device_index=1, data_len=13
[2025-12-09 15:49:01] 分发UART数据: 13字节, cmd_id=3, device_index=1
[2025-12-09 15:49:02] 成功读取UART数据，UART索引: 1, 数据长度: 13字节
[2025-12-09 15:49:02] 收到UART数据: protocol_type=3, cmd_id=3, device_index=1, data_len=13
[2025-12-09 15:49:02] 分发UART数据: 13字节, cmd_id=3, device_index=1
[2025-12-09 15:49:03] 成功读取UART数据，UART索引: 1, 数据长度: 13字节
[2025-12-09 15:49:03] 收到UART数据: protocol_type=3, cmd_id=3, device_index=1, data_len=13
[2025-12-09 15:49:03] 分发UART数据: 13字节, cmd_id=3, device_index=1
[2025-12-09 15:49:04] 成功读取UART数据，UART索引: 1, 数据长度: 13字节
[2025-12-09 15:49:04] 收到UART数据: protocol_type=3, cmd_id=3, device_index=1, data_len=13
[2025-12-09 15:49:04] 分发UART数据: 13字节, cmd_id=3, device_index=1
[2025-12-09 15:49:05] 成功读取UART数据，UART索引: 1, 数据长度: 13字节
[2025-12-09 15:49:05] 收到UART数据: protocol_type=3, cmd_id=3, device_index=1, data_len=13
[2025-12-09 15:49:05] 分发UART数据: 13字节, cmd_id=3, device_index=1
[2025-12-09 15:49:06] 成功读取UART数据，UART索引: 1, 数据长度: 13字节
[2025-12-09 15:49:06] 收到UART数据: protocol_type=3, cmd_id=3, device_index=1, data_len=13
[2025-12-09 15:49:06] 分发UART数据: 13字节, cmd_id=3, device_index=1
[2025-12-09 15:49:07] 成功读取UART数据，UART索引: 1, 数据长度: 13字节
[2025-12-09 15:49:07] 收到UART数据: protocol_type=3, cmd_id=3, device_index=1, data_len=13
[2025-12-09 15:49:07] 分发UART数据: 13字节, cmd_id=3, device_index=1
[2025-12-09 15:49:08] 成功读取UART数据，UART索引: 1, 数据长度: 13字节
[2025-12-09 15:49:08] 收到UART数据: protocol_type=3, cmd_id=3, device_index=1, data_len=13
[2025-12-09 15:49:08] 分发UART数据: 13字节, cmd_id=3, device_index=1
[2025-12-09 15:49:09] 成功读取UART数据，UART索引: 1, 数据长度: 13字节
[2025-12-09 15:49:09] 收到UART数据: protocol_type=3, cmd_id=3, device_index=1, data_len=13
[2025-12-09 15:49:09] 分发UART数据: 13字节, cmd_id=3, device_index=1
[2025-12-09 15:49:10] 成功读取UART数据，UART索引: 1, 数据长度: 13字节
[2025-12-09 15:49:10] 收到UART数据: protocol_type=3, cmd_id=3, device_index=1, data_len=13
[2025-12-09 15:49:10] 分发UART数据: 13字节, cmd_id=3, device_index=1
[2025-12-09 15:49:11] 成功读取UART数据，UART索引: 1, 数据长度: 13字节
[2025-12-09 15:49:11] 收到UART数据: protocol_type=3, cmd_id=3, device_index=1, data_len=13
[2025-12-09 15:49:11] 分发UART数据: 13字节, cmd_id=3, device_index=1
[2025-12-09 15:49:12] 成功读取UART数据，UART索引: 1, 数据长度: 13字节
[2025-12-09 15:49:12] 收到UART数据: protocol_type=3, cmd_id=3, device_index=1, data_len=13
[2025-12-09 15:49:12] 分发UART数据: 13字节, cmd_id=3, device_index=1
[2025-12-09 15:49:12] 成功读取UART数据，UART索引: 1, 数据长度: 13字节
[2025-12-09 15:49:13] 收到UART数据: protocol_type=3, cmd_id=3, device_index=1, data_len=13
[2025-12-09 15:49:13] 分发UART数据: 13字节, cmd_id=3, device_index=1
[2025-12-09 15:49:13] 成功读取UART数据，UART索引: 1, 数据长度: 13字节
[2025-12-09 15:49:14] 收到UART数据: protocol_type=3, cmd_id=3, device_index=1, data_len=13
[2025-12-09 15:49:14] 分发UART数据: 13字节, cmd_id=3, device_index=1
[2025-12-09 15:49:14] 成功读取UART数据，UART索引: 1, 数据长度: 13字节
[2025-12-09 15:49:15] 收到UART数据: protocol_type=3, cmd_id=3, device_index=1, data_len=13
[2025-12-09 15:49:15] 分发UART数据: 13字节, cmd_id=3, device_index=1
[2025-12-09 15:49:16] 成功读取UART数据，UART索引: 1, 数据长度: 13字节
[2025-12-09 15:49:16] 收到UART数据: protocol_type=3, cmd_id=3, device_index=1, data_len=13
[2025-12-09 15:49:16] 分发UART数据: 13字节, cmd_id=3, device_index=1
[2025-12-09 15:49:17] 成功读取UART数据，UART索引: 1, 数据长度: 13字节
[2025-12-09 15:49:17] 收到UART数据: protocol_type=3, cmd_id=3, device_index=1, data_len=13
[2025-12-09 15:49:17] 分发UART数据: 13字节, cmd_id=3, device_index=1
[2025-12-09 15:49:18] 成功读取UART数据，UART索引: 1, 数据长度: 13字节
[2025-12-09 15:49:18] 收到UART数据: protocol_type=3, cmd_id=3, device_index=1, data_len=13
[2025-12-09 15:49:18] 分发UART数据: 13字节, cmd_id=3, device_index=1
[2025-12-09 15:49:19] 成功读取UART数据，UART索引: 1, 数据长度: 13字节
[2025-12-09 15:49:19] 收到UART数据: protocol_type=3, cmd_id=3, device_index=1, data_len=13
[2025-12-09 15:49:19] 分发UART数据: 13字节, cmd_id=3, device_index=1
[2025-12-09 15:49:20] 成功读取UART数据，UART索引: 1, 数据长度: 13字节
[2025-12-09 15:49:20] 收到UART数据: protocol_type=3, cmd_id=3, device_index=1, data_len=13
[2025-12-09 15:49:20] 分发UART数据: 13字节, cmd_id=3, device_index=1
[2025-12-09 15:49:21] 成功读取UART数据，UART索引: 1, 数据长度: 13字节
[2025-12-09 15:49:21] 收到UART数据: protocol_type=3, cmd_id=3, device_index=1, data_len=13
[2025-12-09 15:49:21] 分发UART数据: 13字节, cmd_id=3, device_index=1
[2025-12-09 15:49:22] 成功读取UART数据，UART索引: 1, 数据长度: 13字节
[2025-12-09 15:49:22] 收到UART数据: protocol_type=3, cmd_id=3, device_index=1, data_len=13
[2025-12-09 15:49:22] 分发UART数据: 13字节, cmd_id=3, device_index=1
[2025-12-09 15:49:23] 成功读取UART数据，UART索引: 1, 数据长度: 13字节
[2025-12-09 15:49:23] 收到UART数据: protocol_type=3, cmd_id=3, device_index=1, data_len=13
[2025-12-09 15:49:23] 分发UART数据: 13字节, cmd_id=3, device_index=1
[2025-12-09 15:49:23] 成功读取UART数据，UART索引: 1, 数据长度: 13字节
[2025-12-09 15:49:24] 收到UART数据: protocol_type=3, cmd_id=3, device_index=1, data_len=13
[2025-12-09 15:49:24] 分发UART数据: 13字节, cmd_id=3, device_index=1
[2025-12-09 15:49:24] 成功读取UART数据，UART索引: 1, 数据长度: 13字节
[2025-12-09 15:49:25] 收到UART数据: protocol_type=3, cmd_id=3, device_index=1, data_len=13
[2025-12-09 15:49:25] 分发UART数据: 13字节, cmd_id=3, device_index=1
[2025-12-09 15:49:26] 成功读取UART数据，UART索引: 1, 数据长度: 13字节
[2025-12-09 15:49:26] 收到UART数据: protocol_type=3, cmd_id=3, device_index=1, data_len=13
[2025-12-09 15:49:26] 分发UART数据: 13字节, cmd_id=3, device_index=1
[2025-12-09 15:49:27] 成功读取UART数据，UART索引: 1, 数据长度: 13字节
[2025-12-09 15:49:27] 收到UART数据: protocol_type=3, cmd_id=3, device_index=1, data_len=13
[2025-12-09 15:49:27] 分发UART数据: 13字节, cmd_id=3, device_index=1
[2025-12-09 15:49:28] 成功读取UART数据，UART索引: 1, 数据长度: 13字节
[2025-12-09 15:49:28] 收到UART数据: protocol_type=3, cmd_id=3, device_index=1, data_len=13
[2025-12-09 15:49:28] 分发UART数据: 13字节, cmd_id=3, device_index=1
[2025-12-09 15:49:29] 成功读取UART数据，UART索引: 1, 数据长度: 13字节
[2025-12-09 15:49:29] 收到UART数据: protocol_type=3, cmd_id=3, device_index=1, data_len=13
[2025-12-09 15:49:29] 分发UART数据: 13字节, cmd_id=3, device_index=1
[2025-12-09 15:49:30] 成功读取UART数据，UART索引: 1, 数据长度: 13字节
[2025-12-09 15:49:30] 关闭设备: 357C39673033
[2025-12-09 15:49:30] 开始关闭设备: 0
[2025-12-09 15:49:30] 找到设备槽位: 0, 序列号: 357C39673033
[2025-12-09 15:49:30] 停止读取线程: 设备ID 0
[2025-12-09 16:25:01] USB日志已启用
[2025-12-09 16:25:01] 获取设备列表: 找到 13 个设备
[2025-12-09 16:25:01] 扫描到 1 个USB设备
[2025-12-09 16:25:01] 扫描到 1 个USB设备
[2025-12-09 16:25:01] 打开设备: 357C39673033
[2025-12-09 16:25:01] 获取设备列表: 找到 13 个设备
[2025-12-09 16:25:01] 成功打开设备: 357C39673033, 设备ID: 0
[2025-12-09 16:25:01] 成功打开设备，ID: 0
[2025-12-09 16:25:01] UART_Init开始执行
[2025-12-09 16:25:01] UART配置: BaudRate=115200, WordLength=0, StopBits=0, Parity=0, TEPolarity=0x00
[2025-12-09 16:25:01] UART初始化结果: 26
[2025-12-09 16:25:01] 收到UART数据: protocol_type=3, cmd_id=3, device_index=1, data_len=13
[2025-12-09 16:25:01] 分发UART数据: 13字节, cmd_id=3, device_index=1
[2025-12-09 16:25:01] 成功读取UART数据，UART索引: 1, 数据长度: 13字节
[2025-12-09 16:25:02] 收到UART数据: protocol_type=3, cmd_id=3, device_index=1, data_len=13
[2025-12-09 16:25:02] 分发UART数据: 13字节, cmd_id=3, device_index=1
[2025-12-09 16:25:02] 成功读取UART数据，UART索引: 1, 数据长度: 13字节
[2025-12-09 16:25:03] 收到UART数据: protocol_type=3, cmd_id=3, device_index=1, data_len=13
[2025-12-09 16:25:03] 分发UART数据: 13字节, cmd_id=3, device_index=1
[2025-12-09 16:25:03] 成功读取UART数据，UART索引: 1, 数据长度: 13字节
[2025-12-09 16:25:04] 收到UART数据: protocol_type=3, cmd_id=3, device_index=1, data_len=13
[2025-12-09 16:25:04] 分发UART数据: 13字节, cmd_id=3, device_index=1
[2025-12-09 16:25:04] 成功读取UART数据，UART索引: 1, 数据长度: 13字节
[2025-12-09 16:25:05] 收到UART数据: protocol_type=3, cmd_id=3, device_index=1, data_len=13
[2025-12-09 16:25:05] 分发UART数据: 13字节, cmd_id=3, device_index=1
[2025-12-09 16:25:05] 成功读取UART数据，UART索引: 1, 数据长度: 13字节
[2025-12-09 16:25:06] 收到UART数据: protocol_type=3, cmd_id=3, device_index=1, data_len=13
[2025-12-09 16:25:06] 分发UART数据: 13字节, cmd_id=3, device_index=1
[2025-12-09 16:25:06] 关闭设备: 357C39673033
[2025-12-09 16:25:06] 开始关闭设备: 0
[2025-12-09 16:25:06] 找到设备槽位: 0, 序列号: 357C39673033
[2025-12-09 16:25:06] 停止读取线程: 设备ID 0
[2025-12-09 16:25:07] 收到UART数据: protocol_type=3, cmd_id=3, device_index=1, data_len=13
[2025-12-09 16:25:07] 分发UART数据: 13字节, cmd_id=3, device_index=1
[2025-12-09 16:25:07] 线程已停止: 设备ID 0
[2025-12-09 16:25:07] 释放环形缓冲区: 设备ID 0
[2025-12-09 16:25:07] 关闭设备句柄: 设备ID 0
[2025-12-09 16:25:07] 成功关闭设备: 0
[2025-12-09 16:25:07] 成功关闭设备: 357C39673033
[2025-12-09 16:25:07] USB中间层清理完成
[2025-12-09 16:28:10] USB日志已启用
[2025-12-09 16:28:10] 获取设备列表: 找到 13 个设备
[2025-12-09 16:28:10] 扫描到 1 个USB设备
[2025-12-09 16:28:10] 扫描到 1 个USB设备
[2025-12-09 16:28:10] 打开设备: 357C39673033
[2025-12-09 16:28:10] 获取设备列表: 找到 13 个设备
[2025-12-09 16:28:10] 成功打开设备: 357C39673033, 设备ID: 0
[2025-12-09 16:28:10] 成功打开设备，ID: 0
[2025-12-09 16:28:10] UART_Init开始执行
[2025-12-09 16:28:10] UART配置: BaudRate=115200, WordLength=0, StopBits=0, Parity=0, TEPolarity=0x00
[2025-12-09 16:28:10] UART初始化结果: 26
[2025-12-09 16:28:10] 收到UART数据: protocol_type=3, cmd_id=3, device_index=1, data_len=13
[2025-12-09 16:28:10] 分发UART数据: 13字节, cmd_id=3, device_index=1
[2025-12-09 16:28:10] 成功读取UART数据，UART索引: 1, 数据长度: 13字节
[2025-12-09 16:28:11] 收到UART数据: protocol_type=3, cmd_id=3, device_index=1, data_len=13
[2025-12-09 16:28:11] 分发UART数据: 13字节, cmd_id=3, device_index=1
[2025-12-09 16:28:11] 成功读取UART数据，UART索引: 1, 数据长度: 13字节
[2025-12-09 16:28:12] 收到UART数据: protocol_type=3, cmd_id=3, device_index=1, data_len=13
[2025-12-09 16:28:12] 分发UART数据: 13字节, cmd_id=3, device_index=1
[2025-12-09 16:28:12] 成功读取UART数据，UART索引: 1, 数据长度: 13字节
[2025-12-09 16:28:13] 收到UART数据: protocol_type=3, cmd_id=3, device_index=1, data_len=13
[2025-12-09 16:28:13] 分发UART数据: 13字节, cmd_id=3, device_index=1
[2025-12-09 16:28:13] 成功读取UART数据，UART索引: 1, 数据长度: 13字节
[2025-12-09 16:28:14] 收到UART数据: protocol_type=3, cmd_id=3, device_index=1, data_len=13
[2025-12-09 16:28:14] 分发UART数据: 13字节, cmd_id=3, device_index=1
[2025-12-09 16:28:14] 成功读取UART数据，UART索引: 1, 数据长度: 13字节
[2025-12-09 16:28:15] 收到UART数据: protocol_type=3, cmd_id=3, device_index=1, data_len=13
[2025-12-09 16:28:15] 分发UART数据: 13字节, cmd_id=3, device_index=1
[2025-12-09 16:28:15] 成功读取UART数据，UART索引: 1, 数据长度: 13字节
[2025-12-09 16:28:16] 收到UART数据: protocol_type=3, cmd_id=3, device_index=1, data_len=13
[2025-12-09 16:28:16] 分发UART数据: 13字节, cmd_id=3, device_index=1
[2025-12-09 16:28:16] 成功读取UART数据，UART索引: 1, 数据长度: 13字节
[2025-12-09 16:28:17] 收到UART数据: protocol_type=3, cmd_id=3, device_index=1, data_len=13
[2025-12-09 16:28:17] 分发UART数据: 13字节, cmd_id=3, device_index=1
[2025-12-09 16:28:18] 成功读取UART数据，UART索引: 1, 数据长度: 13字节
[2025-12-09 16:28:18] 收到UART数据: protocol_type=3, cmd_id=3, device_index=1, data_len=13
[2025-12-09 16:28:18] 分发UART数据: 13字节, cmd_id=3, device_index=1
[2025-12-09 16:28:19] 成功读取UART数据，UART索引: 1, 数据长度: 13字节
[2025-12-09 16:28:19] 收到UART数据: protocol_type=3, cmd_id=3, device_index=1, data_len=13
[2025-12-09 16:28:19] 分发UART数据: 13字节, cmd_id=3, device_index=1
[2025-12-09 16:28:20] 成功读取UART数据，UART索引: 1, 数据长度: 13字节
[2025-12-09 16:28:20] 收到UART数据: protocol_type=3, cmd_id=3, device_index=1, data_len=13
[2025-12-09 16:28:20] 分发UART数据: 13字节, cmd_id=3, device_index=1
[2025-12-09 16:28:20] 成功读取UART数据，UART索引: 1, 数据长度: 13字节
[2025-12-09 16:28:21] 收到UART数据: protocol_type=3, cmd_id=3, device_index=1, data_len=13
[2025-12-09 16:28:21] 分发UART数据: 13字节, cmd_id=3, device_index=1
[2025-12-09 16:28:22] 成功读取UART数据，UART索引: 1, 数据长度: 13字节
[2025-12-09 16:28:22] 收到UART数据: protocol_type=3, cmd_id=3, device_index=1, data_len=13
[2025-12-09 16:28:22] 分发UART数据: 13字节, cmd_id=3, device_index=1
[2025-12-09 16:28:23] 成功读取UART数据，UART索引: 1, 数据长度: 13字节
[2025-12-09 16:28:23] 收到UART数据: protocol_type=3, cmd_id=3, device_index=1, data_len=13
[2025-12-09 16:28:23] 分发UART数据: 13字节, cmd_id=3, device_index=1
[2025-12-09 16:28:24] 成功读取UART数据，UART索引: 1, 数据长度: 13字节
[2025-12-09 16:28:24] 收到UART数据: protocol_type=3, cmd_id=3, device_index=1, data_len=13
[2025-12-09 16:28:24] 分发UART数据: 13字节, cmd_id=3, device_index=1
[2025-12-09 16:28:25] 成功读取UART数据，UART索引: 1, 数据长度: 13字节
[2025-12-09 16:28:25] 收到UART数据: protocol_type=3, cmd_id=3, device_index=1, data_len=13
[2025-12-09 16:28:25] 分发UART数据: 13字节, cmd_id=3, device_index=1
[2025-12-09 16:28:26] 成功读取UART数据，UART索引: 1, 数据长度: 13字节
[2025-12-09 16:28:26] 收到UART数据: protocol_type=3, cmd_id=3, device_index=1, data_len=13
[2025-12-09 16:28:26] 分发UART数据: 13字节, cmd_id=3, device_index=1
[2025-12-09 16:28:27] 成功读取UART数据，UART索引: 1, 数据长度: 13字节
[2025-12-09 16:28:27] 收到UART数据: protocol_type=3, cmd_id=3, device_index=1, data_len=13
[2025-12-09 16:28:27] 分发UART数据: 13字节, cmd_id=3, device_index=1
[2025-12-09 16:28:28] 成功读取UART数据，UART索引: 1, 数据长度: 13字节
[2025-12-09 16:28:28] 收到UART数据: protocol_type=3, cmd_id=3, device_index=1, data_len=13
[2025-12-09 16:28:28] 分发UART数据: 13字节, cmd_id=3, device_index=1
[2025-12-09 16:28:29] 成功读取UART数据，UART索引: 1, 数据长度: 13字节
[2025-12-09 16:28:29] 收到UART数据: protocol_type=3, cmd_id=3, device_index=1, data_len=13
[2025-12-09 16:28:29] 分发UART数据: 13字节, cmd_id=3, device_index=1
[2025-12-09 16:28:30] 成功读取UART数据，UART索引: 1, 数据长度: 13字节
[2025-12-09 16:28:30] 收到UART数据: protocol_type=3, cmd_id=3, device_index=1, data_len=13
[2025-12-09 16:28:30] 分发UART数据: 13字节, cmd_id=3, device_index=1
[2025-12-09 16:28:31] 成功读取UART数据，UART索引: 1, 数据长度: 13字节
[2025-12-09 16:28:31] 收到UART数据: protocol_type=3, cmd_id=3, device_index=1, data_len=13
[2025-12-09 16:28:31] 分发UART数据: 13字节, cmd_id=3, device_index=1
[2025-12-09 16:28:32] 成功读取UART数据，UART索引: 1, 数据长度: 13字节
[2025-12-09 16:28:32] 收到UART数据: protocol_type=3, cmd_id=3, device_index=1, data_len=13
[2025-12-09 16:28:32] 分发UART数据: 13字节, cmd_id=3, device_index=1
[2025-12-09 16:28:33] 成功读取UART数据，UART索引: 1, 数据长度: 13字节
[2025-12-09 16:28:33] 收到UART数据: protocol_type=3, cmd_id=3, device_index=1, data_len=13
[2025-12-09 16:28:33] 分发UART数据: 13字节, cmd_id=3, device_index=1
[2025-12-09 16:28:33] 成功读取UART数据，UART索引: 1, 数据长度: 13字节
[2025-12-09 16:28:34] 收到UART数据: protocol_type=3, cmd_id=3, device_index=1, data_len=13
[2025-12-09 16:28:34] 分发UART数据: 13字节, cmd_id=3, device_index=1
[2025-12-09 16:28:34] 成功读取UART数据，UART索引: 1, 数据长度: 13字节
[2025-12-09 16:28:35] 收到UART数据: protocol_type=3, cmd_id=3, device_index=1, data_len=13
[2025-12-09 16:28:35] 分发UART数据: 13字节, cmd_id=3, device_index=1
[2025-12-09 16:28:35] 成功读取UART数据，UART索引: 1, 数据长度: 13字节
[2025-12-09 16:28:36] 收到UART数据: protocol_type=3, cmd_id=3, device_index=1, data_len=13
[2025-12-09 16:28:36] 分发UART数据: 13字节, cmd_id=3, device_index=1
[2025-12-09 16:28:36] 成功读取UART数据，UART索引: 1, 数据长度: 13字节
[2025-12-09 16:28:37] 收到UART数据: protocol_type=3, cmd_id=3, device_index=1, data_len=13
[2025-12-09 16:28:37] 分发UART数据: 13字节, cmd_id=3, device_index=1
[2025-12-09 16:28:37] 成功读取UART数据，UART索引: 1, 数据长度: 13字节
[2025-12-09 16:28:38] 收到UART数据: protocol_type=3, cmd_id=3, device_index=1, data_len=13
[2025-12-09 16:28:38] 分发UART数据: 13字节, cmd_id=3, device_index=1
[2025-12-09 16:28:38] 成功读取UART数据，UART索引: 1, 数据长度: 13字节
[2025-12-09 16:28:39] 收到UART数据: protocol_type=3, cmd_id=3, device_index=1, data_len=13
[2025-12-09 16:28:39] 分发UART数据: 13字节, cmd_id=3, device_index=1
[2025-12-09 16:28:39] 成功读取UART数据，UART索引: 1, 数据长度: 13字节
[2025-12-09 16:28:40] 收到UART数据: protocol_type=3, cmd_id=3, device_index=1, data_len=13
[2025-12-09 16:28:40] 分发UART数据: 13字节, cmd_id=3, device_index=1
[2025-12-09 16:28:40] 成功读取UART数据，UART索引: 1, 数据长度: 13字节
[2025-12-09 16:28:41] 收到UART数据: protocol_type=3, cmd_id=3, device_index=1, data_len=13
[2025-12-09 16:28:41] 分发UART数据: 13字节, cmd_id=3, device_index=1
[2025-12-09 16:28:41] 成功读取UART数据，UART索引: 1, 数据长度: 13字节
[2025-12-09 16:28:42] 收到UART数据: protocol_type=3, cmd_id=3, device_index=1, data_len=13
[2025-12-09 16:28:42] 分发UART数据: 13字节, cmd_id=3, device_index=1
[2025-12-09 16:28:42] 成功读取UART数据，UART索引: 1, 数据长度: 13字节
[2025-12-09 16:28:43] 关闭设备: 357C39673033
[2025-12-09 16:28:43] 开始关闭设备: 0
[2025-12-09 16:28:43] 找到设备槽位: 0, 序列号: 357C39673033
[2025-12-09 16:28:43] 停止读取线程: 设备ID 0
[2025-12-09 16:28:43] 收到UART数据: protocol_type=3, cmd_id=3, device_index=1, data_len=13
[2025-12-09 16:28:43] 分发UART数据: 13字节, cmd_id=3, device_index=1
[2025-12-09 16:28:43] 线程已停止: 设备ID 0
[2025-12-09 16:28:43] 释放环形缓冲区: 设备ID 0
[2025-12-09 16:28:43] 关闭设备句柄: 设备ID 0
[2025-12-09 16:28:43] 成功关闭设备: 0
[2025-12-09 16:28:43] 成功关闭设备: 357C39673033
[2025-12-09 16:28:43] USB中间层清理完成
[2025-12-09 16:42:06] USB日志已启用
[2025-12-09 16:42:06] 获取设备列表: 找到 13 个设备
[2025-12-09 16:42:06] 扫描到 1 个USB设备
[2025-12-09 16:42:06] 扫描到 1 个USB设备
[2025-12-09 16:42:06] 打开设备: 357C39673033
[2025-12-09 16:42:07] 获取设备列表: 找到 13 个设备
[2025-12-09 16:42:07] 成功打开设备: 357C39673033, 设备ID: 0
[2025-12-09 16:42:07] 成功打开设备，ID: 0
[2025-12-09 16:42:07] UART_Init开始执行
[2025-12-09 16:42:07] UART配置: BaudRate=115200, WordLength=0, StopBits=0, Parity=0, TEPolarity=0x00
[2025-12-09 16:42:07] UART初始化结果: 26
[2025-12-09 16:42:07] 收到UART数据: protocol_type=3, cmd_id=3, device_index=1, data_len=13
[2025-12-09 16:42:07] 分发UART数据: 13字节, cmd_id=3, device_index=1
[2025-12-09 16:42:07] 成功读取UART数据，UART索引: 1, 数据长度: 13字节
[2025-12-09 16:42:08] 收到UART数据: protocol_type=3, cmd_id=3, device_index=1, data_len=13
[2025-12-09 16:42:08] 分发UART数据: 13字节, cmd_id=3, device_index=1
[2025-12-09 16:42:08] 成功读取UART数据，UART索引: 1, 数据长度: 13字节
[2025-12-09 16:42:09] 收到UART数据: protocol_type=3, cmd_id=3, device_index=1, data_len=13
[2025-12-09 16:42:09] 分发UART数据: 13字节, cmd_id=3, device_index=1
[2025-12-09 16:42:09] 成功读取UART数据，UART索引: 1, 数据长度: 13字节
[2025-12-09 16:42:10] 收到UART数据: protocol_type=3, cmd_id=3, device_index=1, data_len=13
[2025-12-09 16:42:10] 分发UART数据: 13字节, cmd_id=3, device_index=1
[2025-12-09 16:42:10] 成功读取UART数据，UART索引: 1, 数据长度: 13字节
[2025-12-09 16:42:11] 收到UART数据: protocol_type=3, cmd_id=3, device_index=1, data_len=13
[2025-12-09 16:42:11] 分发UART数据: 13字节, cmd_id=3, device_index=1
[2025-12-09 16:42:11] 成功读取UART数据，UART索引: 1, 数据长度: 13字节
[2025-12-09 16:42:12] 收到UART数据: protocol_type=3, cmd_id=3, device_index=1, data_len=13
[2025-12-09 16:42:12] 分发UART数据: 13字节, cmd_id=3, device_index=1
[2025-12-09 16:42:12] 成功读取UART数据，UART索引: 1, 数据长度: 13字节
[2025-12-09 16:42:13] 收到UART数据: protocol_type=3, cmd_id=3, device_index=1, data_len=13
[2025-12-09 16:42:13] 分发UART数据: 13字节, cmd_id=3, device_index=1
[2025-12-09 16:42:13] 成功读取UART数据，UART索引: 1, 数据长度: 13字节
[2025-12-09 16:42:14] 收到UART数据: protocol_type=3, cmd_id=3, device_index=1, data_len=13
[2025-12-09 16:42:14] 分发UART数据: 13字节, cmd_id=3, device_index=1
[2025-12-09 16:42:14] 成功读取UART数据，UART索引: 1, 数据长度: 13字节
[2025-12-09 16:42:15] 收到UART数据: protocol_type=3, cmd_id=3, device_index=1, data_len=13
[2025-12-09 16:42:15] 分发UART数据: 13字节, cmd_id=3, device_index=1
[2025-12-09 16:42:15] 成功读取UART数据，UART索引: 1, 数据长度: 13字节
[2025-12-09 16:42:16] 收到UART数据: protocol_type=3, cmd_id=3, device_index=1, data_len=13
[2025-12-09 16:42:16] 分发UART数据: 13字节, cmd_id=3, device_index=1
[2025-12-09 16:42:16] 成功读取UART数据，UART索引: 1, 数据长度: 13字节
[2025-12-09 16:42:17] 收到UART数据: protocol_type=3, cmd_id=3, device_index=1, data_len=13
[2025-12-09 16:42:17] 分发UART数据: 13字节, cmd_id=3, device_index=1
[2025-12-09 16:42:17] 成功读取UART数据，UART索引: 1, 数据长度: 13字节
[2025-12-09 16:42:18] 收到UART数据: protocol_type=3, cmd_id=3, device_index=1, data_len=13
[2025-12-09 16:42:18] 分发UART数据: 13字节, cmd_id=3, device_index=1
[2025-12-09 16:42:18] 成功读取UART数据，UART索引: 1, 数据长度: 13字节
[2025-12-09 16:42:19] 收到UART数据: protocol_type=3, cmd_id=3, device_index=1, data_len=13
[2025-12-09 16:42:19] 分发UART数据: 13字节, cmd_id=3, device_index=1
[2025-12-09 16:42:19] 成功读取UART数据，UART索引: 1, 数据长度: 13字节
[2025-12-09 16:42:20] 收到UART数据: protocol_type=3, cmd_id=3, device_index=1, data_len=13
[2025-12-09 16:42:20] 分发UART数据: 13字节, cmd_id=3, device_index=1
[2025-12-09 16:42:20] 成功读取UART数据，UART索引: 1, 数据长度: 13字节
[2025-12-09 16:42:21] 收到UART数据: protocol_type=3, cmd_id=3, device_index=1, data_len=13
[2025-12-09 16:42:21] 分发UART数据: 13字节, cmd_id=3, device_index=1
[2025-12-09 16:42:21] 成功读取UART数据，UART索引: 1, 数据长度: 13字节
[2025-12-09 16:42:22] 收到UART数据: protocol_type=3, cmd_id=3, device_index=1, data_len=13
[2025-12-09 16:42:22] 分发UART数据: 13字节, cmd_id=3, device_index=1
[2025-12-09 16:42:22] 成功读取UART数据，UART索引: 1, 数据长度: 13字节
[2025-12-09 16:42:23] 收到UART数据: protocol_type=3, cmd_id=3, device_index=1, data_len=13
[2025-12-09 16:42:23] 分发UART数据: 13字节, cmd_id=3, device_index=1
[2025-12-09 16:42:23] 成功读取UART数据，UART索引: 1, 数据长度: 13字节
[2025-12-09 16:42:24] 收到UART数据: protocol_type=3, cmd_id=3, device_index=1, data_len=13
[2025-12-09 16:42:24] 分发UART数据: 13字节, cmd_id=3, device_index=1
[2025-12-09 16:42:25] 成功读取UART数据，UART索引: 1, 数据长度: 13字节
[2025-12-09 16:42:25] 收到UART数据: protocol_type=3, cmd_id=3, device_index=1, data_len=13
[2025-12-09 16:42:25] 分发UART数据: 13字节, cmd_id=3, device_index=1
[2025-12-09 16:42:26] 成功读取UART数据，UART索引: 1, 数据长度: 13字节
[2025-12-09 16:42:26] 收到UART数据: protocol_type=3, cmd_id=3, device_index=1, data_len=13
[2025-12-09 16:42:26] 分发UART数据: 13字节, cmd_id=3, device_index=1
[2025-12-09 16:42:27] 成功读取UART数据，UART索引: 1, 数据长度: 13字节
[2025-12-09 16:42:27] 收到UART数据: protocol_type=3, cmd_id=3, device_index=1, data_len=13
[2025-12-09 16:42:27] 分发UART数据: 13字节, cmd_id=3, device_index=1
[2025-12-09 16:42:28] 成功读取UART数据，UART索引: 1, 数据长度: 13字节
[2025-12-09 16:42:28] 收到UART数据: protocol_type=3, cmd_id=3, device_index=1, data_len=13
[2025-12-09 16:42:28] 分发UART数据: 13字节, cmd_id=3, device_index=1
[2025-12-09 16:42:29] 成功读取UART数据，UART索引: 1, 数据长度: 13字节
[2025-12-09 16:42:29] 收到UART数据: protocol_type=3, cmd_id=3, device_index=1, data_len=13
[2025-12-09 16:42:29] 分发UART数据: 13字节, cmd_id=3, device_index=1
[2025-12-09 16:42:30] 成功读取UART数据，UART索引: 1, 数据长度: 13字节
[2025-12-09 16:42:30] 收到UART数据: protocol_type=3, cmd_id=3, device_index=1, data_len=13
[2025-12-09 16:42:30] 分发UART数据: 13字节, cmd_id=3, device_index=1
[2025-12-09 16:42:31] 成功读取UART数据，UART索引: 1, 数据长度: 13字节
[2025-12-09 16:42:31] 收到UART数据: protocol_type=3, cmd_id=3, device_index=1, data_len=13
[2025-12-09 16:42:31] 分发UART数据: 13字节, cmd_id=3, device_index=1
[2025-12-09 16:42:32] 成功读取UART数据，UART索引: 1, 数据长度: 13字节
[2025-12-09 16:42:32] 收到UART数据: protocol_type=3, cmd_id=3, device_index=1, data_len=13
[2025-12-09 16:42:32] 分发UART数据: 13字节, cmd_id=3, device_index=1
[2025-12-09 16:42:32] 成功读取UART数据，UART索引: 1, 数据长度: 13字节
[2025-12-09 16:42:33] 收到UART数据: protocol_type=3, cmd_id=3, device_index=1, data_len=13
[2025-12-09 16:42:33] 分发UART数据: 13字节, cmd_id=3, device_index=1
[2025-12-09 16:42:33] 成功读取UART数据，UART索引: 1, 数据长度: 13字节
[2025-12-09 16:42:34] 收到UART数据: protocol_type=3, cmd_id=3, device_index=1, data_len=13
[2025-12-09 16:42:34] 分发UART数据: 13字节, cmd_id=3, device_index=1
[2025-12-09 16:42:34] 成功读取UART数据，UART索引: 1, 数据长度: 13字节
[2025-12-09 16:42:35] 收到UART数据: protocol_type=3, cmd_id=3, device_index=1, data_len=13
[2025-12-09 16:42:35] 分发UART数据: 13字节, cmd_id=3, device_index=1
[2025-12-09 16:42:35] 成功读取UART数据，UART索引: 1, 数据长度: 13字节
[2025-12-09 16:42:36] 收到UART数据: protocol_type=3, cmd_id=3, device_index=1, data_len=13
[2025-12-09 16:42:36] 分发UART数据: 13字节, cmd_id=3, device_index=1
[2025-12-09 16:42:36] 成功读取UART数据，UART索引: 1, 数据长度: 13字节
[2025-12-09 16:42:37] 收到UART数据: protocol_type=3, cmd_id=3, device_index=1, data_len=13
[2025-12-09 16:42:37] 分发UART数据: 13字节, cmd_id=3, device_index=1
[2025-12-09 16:42:37] 成功读取UART数据，UART索引: 1, 数据长度: 13字节
[2025-12-09 16:42:38] 收到UART数据: protocol_type=3, cmd_id=3, device_index=1, data_len=13
[2025-12-09 16:42:38] 分发UART数据: 13字节, cmd_id=3, device_index=1
[2025-12-09 16:42:38] 成功读取UART数据，UART索引: 1, 数据长度: 13字节
[2025-12-09 16:42:39] 收到UART数据: protocol_type=3, cmd_id=3, device_index=1, data_len=13
[2025-12-09 16:42:39] 分发UART数据: 13字节, cmd_id=3, device_index=1
[2025-12-09 16:42:39] 成功读取UART数据，UART索引: 1, 数据长度: 13字节
[2025-12-09 16:42:40] 收到UART数据: protocol_type=3, cmd_id=3, device_index=1, data_len=13
[2025-12-09 16:42:40] 分发UART数据: 13字节, cmd_id=3, device_index=1
[2025-12-09 16:42:40] 成功读取UART数据，UART索引: 1, 数据长度: 13字节
[2025-12-09 16:42:41] 收到UART数据: protocol_type=3, cmd_id=3, device_index=1, data_len=13
[2025-12-09 16:42:41] 分发UART数据: 13字节, cmd_id=3, device_index=1
[2025-12-09 16:42:41] 成功读取UART数据，UART索引: 1, 数据长度: 13字节
[2025-12-09 16:42:42] 收到UART数据: protocol_type=3, cmd_id=3, device_index=1, data_len=13
[2025-12-09 16:42:42] 分发UART数据: 13字节, cmd_id=3, device_index=1
[2025-12-09 16:42:42] 成功读取UART数据，UART索引: 1, 数据长度: 13字节
[2025-12-09 16:42:43] 收到UART数据: protocol_type=3, cmd_id=3, device_index=1, data_len=13
[2025-12-09 16:42:43] 分发UART数据: 13字节, cmd_id=3, device_index=1
[2025-12-09 16:42:43] 成功读取UART数据，UART索引: 1, 数据长度: 13字节
[2025-12-09 16:42:44] 收到UART数据: protocol_type=3, cmd_id=3, device_index=1, data_len=13
[2025-12-09 16:42:44] 分发UART数据: 13字节, cmd_id=3, device_index=1
[2025-12-09 16:42:45] 成功读取UART数据，UART索引: 1, 数据长度: 13字节
[2025-12-09 16:42:45] 收到UART数据: protocol_type=3, cmd_id=3, device_index=1, data_len=13
[2025-12-09 16:42:45] 分发UART数据: 13字节, cmd_id=3, device_index=1
[2025-12-09 16:42:45] 成功读取UART数据，UART索引: 1, 数据长度: 13字节
[2025-12-09 16:42:46] 收到UART数据: protocol_type=3, cmd_id=3, device_index=1, data_len=13
[2025-12-09 16:42:46] 分发UART数据: 13字节, cmd_id=3, device_index=1
[2025-12-09 16:42:46] 成功读取UART数据，UART索引: 1, 数据长度: 13字节
[2025-12-09 16:42:47] 收到UART数据: protocol_type=3, cmd_id=3, device_index=1, data_len=13
[2025-12-09 16:42:47] 分发UART数据: 13字节, cmd_id=3, device_index=1
[2025-12-09 16:42:47] 成功读取UART数据，UART索引: 1, 数据长度: 13字节
[2025-12-09 16:42:48] 收到UART数据: protocol_type=3, cmd_id=3, device_index=1, data_len=13
[2025-12-09 16:42:48] 分发UART数据: 13字节, cmd_id=3, device_index=1
[2025-12-09 16:42:48] 成功读取UART数据，UART索引: 1, 数据长度: 13字节
[2025-12-09 16:42:49] 收到UART数据: protocol_type=3, cmd_id=3, device_index=1, data_len=13
[2025-12-09 16:42:49] 分发UART数据: 13字节, cmd_id=3, device_index=1
[2025-12-09 16:42:49] 成功读取UART数据，UART索引: 1, 数据长度: 13字节
[2025-12-09 16:42:50] 收到UART数据: protocol_type=3, cmd_id=3, device_index=1, data_len=13
[2025-12-09 16:42:50] 分发UART数据: 13字节, cmd_id=3, device_index=1
[2025-12-09 16:42:50] 成功读取UART数据，UART索引: 1, 数据长度: 13字节
[2025-12-09 16:42:51] 收到UART数据: protocol_type=3, cmd_id=3, device_index=1, data_len=13
[2025-12-09 16:42:51] 分发UART数据: 13字节, cmd_id=3, device_index=1
[2025-12-09 16:42:51] 成功读取UART数据，UART索引: 1, 数据长度: 13字节
[2025-12-09 16:42:52] 收到UART数据: protocol_type=3, cmd_id=3, device_index=1, data_len=13
[2025-12-09 16:42:52] 分发UART数据: 13字节, cmd_id=3, device_index=1
[2025-12-09 16:42:52] 成功读取UART数据，UART索引: 1, 数据长度: 13字节
[2025-12-09 16:42:53] 收到UART数据: protocol_type=3, cmd_id=3, device_index=1, data_len=13
[2025-12-09 16:42:53] 分发UART数据: 13字节, cmd_id=3, device_index=1
[2025-12-09 16:42:53] 成功读取UART数据，UART索引: 1, 数据长度: 13字节
[2025-12-09 16:42:54] 收到UART数据: protocol_type=3, cmd_id=3, device_index=1, data_len=13
[2025-12-09 16:42:54] 分发UART数据: 13字节, cmd_id=3, device_index=1
[2025-12-09 16:42:54] 成功读取UART数据，UART索引: 1, 数据长度: 13字节
[2025-12-09 16:42:55] 收到UART数据: protocol_type=3, cmd_id=3, device_index=1, data_len=13
[2025-12-09 16:42:55] 分发UART数据: 13字节, cmd_id=3, device_index=1
[2025-12-09 16:42:55] 成功读取UART数据，UART索引: 1, 数据长度: 13字节
[2025-12-09 16:42:56] 收到UART数据: protocol_type=3, cmd_id=3, device_index=1, data_len=13
[2025-12-09 16:42:56] 分发UART数据: 13字节, cmd_id=3, device_index=1
[2025-12-09 16:42:57] 成功读取UART数据，UART索引: 1, 数据长度: 13字节
[2025-12-09 16:42:57] 收到UART数据: protocol_type=3, cmd_id=3, device_index=1, data_len=13
[2025-12-09 16:42:57] 分发UART数据: 13字节, cmd_id=3, device_index=1
[2025-12-09 16:42:57] 成功读取UART数据，UART索引: 1, 数据长度: 13字节
[2025-12-09 16:42:58] 收到UART数据: protocol_type=3, cmd_id=3, device_index=1, data_len=13
[2025-12-09 16:42:58] 分发UART数据: 13字节, cmd_id=3, device_index=1
[2025-12-09 16:42:58] 成功读取UART数据，UART索引: 1, 数据长度: 13字节
[2025-12-09 16:42:59] 收到UART数据: protocol_type=3, cmd_id=3, device_index=1, data_len=13
[2025-12-09 16:42:59] 分发UART数据: 13字节, cmd_id=3, device_index=1
[2025-12-09 16:42:59] 成功读取UART数据，UART索引: 1, 数据长度: 13字节
[2025-12-09 16:43:00] 收到UART数据: protocol_type=3, cmd_id=3, device_index=1, data_len=13
[2025-12-09 16:43:00] 分发UART数据: 13字节, cmd_id=3, device_index=1
[2025-12-09 16:43:01] 成功读取UART数据，UART索引: 1, 数据长度: 13字节
[2025-12-09 16:43:01] 收到UART数据: protocol_type=3, cmd_id=3, device_index=1, data_len=13
[2025-12-09 16:43:01] 分发UART数据: 13字节, cmd_id=3, device_index=1
[2025-12-09 16:43:02] 成功读取UART数据，UART索引: 1, 数据长度: 13字节
[2025-12-09 16:43:02] 收到UART数据: protocol_type=3, cmd_id=3, device_index=1, data_len=13
[2025-12-09 16:43:02] 分发UART数据: 13字节, cmd_id=3, device_index=1
[2025-12-09 16:43:03] 成功读取UART数据，UART索引: 1, 数据长度: 13字节
[2025-12-09 16:43:03] 收到UART数据: protocol_type=3, cmd_id=3, device_index=1, data_len=13
[2025-12-09 16:43:03] 分发UART数据: 13字节, cmd_id=3, device_index=1
[2025-12-09 16:43:04] 成功读取UART数据，UART索引: 1, 数据长度: 13字节
[2025-12-09 16:43:04] 收到UART数据: protocol_type=3, cmd_id=3, device_index=1, data_len=13
[2025-12-09 16:43:04] 分发UART数据: 13字节, cmd_id=3, device_index=1
[2025-12-09 16:43:04] 成功读取UART数据，UART索引: 1, 数据长度: 13字节
[2025-12-09 16:43:05] 收到UART数据: protocol_type=3, cmd_id=3, device_index=1, data_len=13
[2025-12-09 16:43:05] 分发UART数据: 13字节, cmd_id=3, device_index=1
[2025-12-09 16:43:05] 成功读取UART数据，UART索引: 1, 数据长度: 13字节
[2025-12-09 16:43:06] 收到UART数据: protocol_type=3, cmd_id=3, device_index=1, data_len=13
[2025-12-09 16:43:06] 分发UART数据: 13字节, cmd_id=3, device_index=1
[2025-12-09 16:43:06] 成功读取UART数据，UART索引: 1, 数据长度: 13字节
[2025-12-09 16:43:07] 收到UART数据: protocol_type=3, cmd_id=3, device_index=1, data_len=13
[2025-12-09 16:43:07] 分发UART数据: 13字节, cmd_id=3, device_index=1
[2025-12-09 16:43:08] 成功读取UART数据，UART索引: 1, 数据长度: 13字节
[2025-12-09 16:43:08] 收到UART数据: protocol_type=3, cmd_id=3, device_index=1, data_len=13
[2025-12-09 16:43:08] 分发UART数据: 13字节, cmd_id=3, device_index=1
[2025-12-09 16:43:08] 成功读取UART数据，UART索引: 1, 数据长度: 13字节
[2025-12-09 16:43:09] 收到UART数据: protocol_type=3, cmd_id=3, device_index=1, data_len=13
[2025-12-09 16:43:09] 分发UART数据: 13字节, cmd_id=3, device_index=1
[2025-12-09 16:43:09] 成功读取UART数据，UART索引: 1, 数据长度: 13字节
[2025-12-09 16:43:10] 收到UART数据: protocol_type=3, cmd_id=3, device_index=1, data_len=13
[2025-12-09 16:43:10] 分发UART数据: 13字节, cmd_id=3, device_index=1
[2025-12-09 16:43:10] 成功读取UART数据，UART索引: 1, 数据长度: 13字节
[2025-12-09 16:43:11] 收到UART数据: protocol_type=3, cmd_id=3, device_index=1, data_len=13
[2025-12-09 16:43:11] 分发UART数据: 13字节, cmd_id=3, device_index=1
[2025-12-09 16:43:11] 成功读取UART数据，UART索引: 1, 数据长度: 13字节
[2025-12-09 16:43:12] 收到UART数据: protocol_type=3, cmd_id=3, device_index=1, data_len=13
[2025-12-09 16:43:12] 分发UART数据: 13字节, cmd_id=3, device_index=1
[2025-12-09 16:43:12] 成功读取UART数据，UART索引: 1, 数据长度: 13字节
[2025-12-09 16:43:13] 收到UART数据: protocol_type=3, cmd_id=3, device_index=1, data_len=13
[2025-12-09 16:43:13] 分发UART数据: 13字节, cmd_id=3, device_index=1
[2025-12-09 16:43:13] 成功读取UART数据，UART索引: 1, 数据长度: 13字节
[2025-12-09 16:43:14] 收到UART数据: protocol_type=3, cmd_id=3, device_index=1, data_len=13
[2025-12-09 16:43:14] 分发UART数据: 13字节, cmd_id=3, device_index=1
[2025-12-09 16:43:15] 成功读取UART数据，UART索引: 1, 数据长度: 13字节
[2025-12-09 16:43:15] 收到UART数据: protocol_type=3, cmd_id=3, device_index=1, data_len=13
[2025-12-09 16:43:15] 分发UART数据: 13字节, cmd_id=3, device_index=1
[2025-12-09 16:43:16] 成功读取UART数据，UART索引: 1, 数据长度: 13字节
[2025-12-09 16:43:16] 收到UART数据: protocol_type=3, cmd_id=3, device_index=1, data_len=13
[2025-12-09 16:43:16] 分发UART数据: 13字节, cmd_id=3, device_index=1
[2025-12-09 16:43:16] 成功读取UART数据，UART索引: 1, 数据长度: 13字节
[2025-12-09 16:43:17] 收到UART数据: protocol_type=3, cmd_id=3, device_index=1, data_len=13
[2025-12-09 16:43:17] 分发UART数据: 13字节, cmd_id=3, device_index=1
[2025-12-09 16:43:17] 成功读取UART数据，UART索引: 1, 数据长度: 13字节
[2025-12-09 16:43:18] 收到UART数据: protocol_type=3, cmd_id=3, device_index=1, data_len=13
[2025-12-09 16:43:18] 分发UART数据: 13字节, cmd_id=3, device_index=1
[2025-12-09 16:43:18] 成功读取UART数据，UART索引: 1, 数据长度: 13字节
[2025-12-09 16:43:19] 收到UART数据: protocol_type=3, cmd_id=3, device_index=1, data_len=13
[2025-12-09 16:43:19] 分发UART数据: 13字节, cmd_id=3, device_index=1
[2025-12-09 16:43:19] 成功读取UART数据，UART索引: 1, 数据长度: 13字节
[2025-12-09 16:43:20] 收到UART数据: protocol_type=3, cmd_id=3, device_index=1, data_len=13
[2025-12-09 16:43:20] 分发UART数据: 13字节, cmd_id=3, device_index=1
[2025-12-09 16:43:20] 成功读取UART数据，UART索引: 1, 数据长度: 13字节
[2025-12-09 16:43:21] 收到UART数据: protocol_type=3, cmd_id=3, device_index=1, data_len=13
[2025-12-09 16:43:21] 分发UART数据: 13字节, cmd_id=3, device_index=1
[2025-12-09 16:43:21] 成功读取UART数据，UART索引: 1, 数据长度: 13字节
[2025-12-09 16:43:22] 收到UART数据: protocol_type=3, cmd_id=3, device_index=1, data_len=13
[2025-12-09 16:43:22] 分发UART数据: 13字节, cmd_id=3, device_index=1
[2025-12-09 16:43:22] 成功读取UART数据，UART索引: 1, 数据长度: 13字节
[2025-12-09 16:43:23] 收到UART数据: protocol_type=3, cmd_id=3, device_index=1, data_len=13
[2025-12-09 16:43:23] 分发UART数据: 13字节, cmd_id=3, device_index=1
[2025-12-09 16:43:23] 成功读取UART数据，UART索引: 1, 数据长度: 13字节
[2025-12-09 16:43:24] 收到UART数据: protocol_type=3, cmd_id=3, device_index=1, data_len=13
[2025-12-09 16:43:24] 分发UART数据: 13字节, cmd_id=3, device_index=1
[2025-12-09 16:43:24] 成功读取UART数据，UART索引: 1, 数据长度: 13字节
[2025-12-09 16:43:25] 收到UART数据: protocol_type=3, cmd_id=3, device_index=1, data_len=13
[2025-12-09 16:43:25] 分发UART数据: 13字节, cmd_id=3, device_index=1
[2025-12-09 16:43:25] 成功读取UART数据，UART索引: 1, 数据长度: 13字节
[2025-12-09 16:43:26] 收到UART数据: protocol_type=3, cmd_id=3, device_index=1, data_len=13
[2025-12-09 16:43:26] 分发UART数据: 13字节, cmd_id=3, device_index=1
[2025-12-09 16:43:26] 成功读取UART数据，UART索引: 1, 数据长度: 13字节
[2025-12-09 16:43:27] 收到UART数据: protocol_type=3, cmd_id=3, device_index=1, data_len=13
[2025-12-09 16:43:27] 分发UART数据: 13字节, cmd_id=3, device_index=1
[2025-12-09 16:43:27] 成功读取UART数据，UART索引: 1, 数据长度: 13字节
[2025-12-09 16:43:28] 收到UART数据: protocol_type=3, cmd_id=3, device_index=1, data_len=13
[2025-12-09 16:43:28] 分发UART数据: 13字节, cmd_id=3, device_index=1
[2025-12-09 16:43:28] 成功读取UART数据，UART索引: 1, 数据长度: 13字节
[2025-12-09 16:43:29] 收到UART数据: protocol_type=3, cmd_id=3, device_index=1, data_len=13
[2025-12-09 16:43:29] 分发UART数据: 13字节, cmd_id=3, device_index=1
[2025-12-09 16:43:29] 成功读取UART数据，UART索引: 1, 数据长度: 13字节
[2025-12-09 16:43:30] 收到UART数据: protocol_type=3, cmd_id=3, device_index=1, data_len=13
[2025-12-09 16:43:30] 分发UART数据: 13字节, cmd_id=3, device_index=1
[2025-12-09 16:43:30] 成功读取UART数据，UART索引: 1, 数据长度: 13字节
[2025-12-09 16:43:31] 收到UART数据: protocol_type=3, cmd_id=3, device_index=1, data_len=13
[2025-12-09 16:43:31] 分发UART数据: 13字节, cmd_id=3, device_index=1
[2025-12-09 16:43:31] 成功读取UART数据，UART索引: 1, 数据长度: 13字节
[2025-12-09 16:43:32] 收到UART数据: protocol_type=3, cmd_id=3, device_index=1, data_len=13
[2025-12-09 16:43:32] 分发UART数据: 13字节, cmd_id=3, device_index=1
[2025-12-09 16:43:33] 成功读取UART数据，UART索引: 1, 数据长度: 13字节
[2025-12-09 16:43:33] 收到UART数据: protocol_type=3, cmd_id=3, device_index=1, data_len=13
[2025-12-09 16:43:33] 分发UART数据: 13字节, cmd_id=3, device_index=1
[2025-12-09 16:43:34] 成功读取UART数据，UART索引: 1, 数据长度: 13字节
[2025-12-09 16:43:34] 收到UART数据: protocol_type=3, cmd_id=3, device_index=1, data_len=13
[2025-12-09 16:43:34] 分发UART数据: 13字节, cmd_id=3, device_index=1
[2025-12-09 16:43:35] 成功读取UART数据，UART索引: 1, 数据长度: 13字节
[2025-12-09 16:43:35] 收到UART数据: protocol_type=3, cmd_id=3, device_index=1, data_len=13
[2025-12-09 16:43:35] 分发UART数据: 13字节, cmd_id=3, device_index=1
[2025-12-09 16:43:36] 成功读取UART数据，UART索引: 1, 数据长度: 13字节
[2025-12-09 16:43:36] 收到UART数据: protocol_type=3, cmd_id=3, device_index=1, data_len=13
[2025-12-09 16:43:36] 分发UART数据: 13字节, cmd_id=3, device_index=1
[2025-12-09 16:43:37] 成功读取UART数据，UART索引: 1, 数据长度: 13字节
[2025-12-09 16:43:37] 收到UART数据: protocol_type=3, cmd_id=3, device_index=1, data_len=13
[2025-12-09 16:43:37] 分发UART数据: 13字节, cmd_id=3, device_index=1
[2025-12-09 16:43:38] 成功读取UART数据，UART索引: 1, 数据长度: 13字节
[2025-12-09 16:43:38] 收到UART数据: protocol_type=3, cmd_id=3, device_index=1, data_len=13
[2025-12-09 16:43:38] 分发UART数据: 13字节, cmd_id=3, device_index=1
[2025-12-09 16:43:38] 成功读取UART数据，UART索引: 1, 数据长度: 13字节
[2025-12-09 16:43:39] 收到UART数据: protocol_type=3, cmd_id=3, device_index=1, data_len=13
[2025-12-09 16:43:39] 分发UART数据: 13字节, cmd_id=3, device_index=1
[2025-12-09 16:43:39] 成功读取UART数据，UART索引: 1, 数据长度: 13字节
[2025-12-09 16:43:40] 收到UART数据: protocol_type=3, cmd_id=3, device_index=1, data_len=13
[2025-12-09 16:43:40] 分发UART数据: 13字节, cmd_id=3, device_index=1
[2025-12-09 16:43:40] 成功读取UART数据，UART索引: 1, 数据长度: 13字节
[2025-12-09 16:43:41] 收到UART数据: protocol_type=3, cmd_id=3, device_index=1, data_len=13
[2025-12-09 16:43:41] 分发UART数据: 13字节, cmd_id=3, device_index=1
[2025-12-09 16:43:41] 成功读取UART数据，UART索引: 1, 数据长度: 13字节
[2025-12-09 16:43:42] 收到UART数据: protocol_type=3, cmd_id=3, device_index=1, data_len=13
[2025-12-09 16:43:42] 分发UART数据: 13字节, cmd_id=3, device_index=1
[2025-12-09 16:43:42] 成功读取UART数据，UART索引: 1, 数据长度: 13字节
[2025-12-09 16:43:43] 收到UART数据: protocol_type=3, cmd_id=3, device_index=1, data_len=13
[2025-12-09 16:43:43] 分发UART数据: 13字节, cmd_id=3, device_index=1
[2025-12-09 16:43:43] 成功读取UART数据，UART索引: 1, 数据长度: 13字节
[2025-12-09 16:43:44] 收到UART数据: protocol_type=3, cmd_id=3, device_index=1, data_len=13
[2025-12-09 16:43:44] 分发UART数据: 13字节, cmd_id=3, device_index=1
[2025-12-09 16:43:44] 成功读取UART数据，UART索引: 1, 数据长度: 13字节
[2025-12-09 16:43:45] 收到UART数据: protocol_type=3, cmd_id=3, device_index=1, data_len=13
[2025-12-09 16:43:45] 分发UART数据: 13字节, cmd_id=3, device_index=1
[2025-12-09 16:43:45] 成功读取UART数据，UART索引: 1, 数据长度: 13字节
[2025-12-09 16:43:46] 收到UART数据: protocol_type=3, cmd_id=3, device_index=1, data_len=13
[2025-12-09 16:43:46] 分发UART数据: 13字节, cmd_id=3, device_index=1
[2025-12-09 16:43:46] 成功读取UART数据，UART索引: 1, 数据长度: 13字节
[2025-12-09 16:43:47] 收到UART数据: protocol_type=3, cmd_id=3, device_index=1, data_len=13
[2025-12-09 16:43:47] 分发UART数据: 13字节, cmd_id=3, device_index=1
[2025-12-09 16:43:48] 成功读取UART数据，UART索引: 1, 数据长度: 13字节
[2025-12-09 16:43:48] 收到UART数据: protocol_type=3, cmd_id=3, device_index=1, data_len=13
[2025-12-09 16:43:48] 分发UART数据: 13字节, cmd_id=3, device_index=1
[2025-12-09 16:43:49] 成功读取UART数据，UART索引: 1, 数据长度: 13字节
[2025-12-09 16:43:49] 收到UART数据: protocol_type=3, cmd_id=3, device_index=1, data_len=13
[2025-12-09 16:43:49] 分发UART数据: 13字节, cmd_id=3, device_index=1
[2025-12-09 16:43:49] 成功读取UART数据，UART索引: 1, 数据长度: 13字节
[2025-12-09 16:43:50] 收到UART数据: protocol_type=3, cmd_id=3, device_index=1, data_len=13
[2025-12-09 16:43:50] 分发UART数据: 13字节, cmd_id=3, device_index=1
[2025-12-09 16:43:50] 成功读取UART数据，UART索引: 1, 数据长度: 13字节
[2025-12-09 16:43:51] 收到UART数据: protocol_type=3, cmd_id=3, device_index=1, data_len=13
[2025-12-09 16:43:51] 分发UART数据: 13字节, cmd_id=3, device_index=1
[2025-12-09 16:43:51] 成功读取UART数据，UART索引: 1, 数据长度: 13字节
[2025-12-09 16:43:52] 收到UART数据: protocol_type=3, cmd_id=3, device_index=1, data_len=13
[2025-12-09 16:43:52] 分发UART数据: 13字节, cmd_id=3, device_index=1
[2025-12-09 16:43:52] 成功读取UART数据，UART索引: 1, 数据长度: 13字节
[2025-12-09 16:43:53] 收到UART数据: protocol_type=3, cmd_id=3, device_index=1, data_len=13
[2025-12-09 16:43:53] 成功读取UART数据，UART索引: 1, 数据长度: 13字节
[2025-12-09 16:43:53] 分发UART数据: 13字节, cmd_id=3, device_index=1
[2025-12-09 16:43:54] 收到UART数据: protocol_type=3, cmd_id=3, device_index=1, data_len=13
[2025-12-09 16:43:54] 分发UART数据: 13字节, cmd_id=3, device_index=1
[2025-12-09 16:43:54] 成功读取UART数据，UART索引: 1, 数据长度: 13字节
[2025-12-09 16:43:55] 收到UART数据: protocol_type=3, cmd_id=3, device_index=1, data_len=13
[2025-12-09 16:43:55] 分发UART数据: 13字节, cmd_id=3, device_index=1
[2025-12-09 16:43:55] 成功读取UART数据，UART索引: 1, 数据长度: 13字节
[2025-12-09 16:43:56] 收到UART数据: protocol_type=3, cmd_id=3, device_index=1, data_len=13
[2025-12-09 16:43:56] 分发UART数据: 13字节, cmd_id=3, device_index=1
[2025-12-09 16:43:57] 成功读取UART数据，UART索引: 1, 数据长度: 13字节
[2025-12-09 16:43:57] 收到UART数据: protocol_type=3, cmd_id=3, device_index=1, data_len=13
[2025-12-09 16:43:57] 分发UART数据: 13字节, cmd_id=3, device_index=1
[2025-12-09 16:43:57] 成功读取UART数据，UART索引: 1, 数据长度: 13字节
[2025-12-09 16:43:58] 收到UART数据: protocol_type=3, cmd_id=3, device_index=1, data_len=13
[2025-12-09 16:43:58] 分发UART数据: 13字节, cmd_id=3, device_index=1
[2025-12-09 16:43:58] 成功读取UART数据，UART索引: 1, 数据长度: 13字节
[2025-12-09 16:43:59] 收到UART数据: protocol_type=3, cmd_id=3, device_index=1, data_len=13
[2025-12-09 16:43:59] 分发UART数据: 13字节, cmd_id=3, device_index=1
[2025-12-09 16:43:59] 成功读取UART数据，UART索引: 1, 数据长度: 13字节
[2025-12-09 16:44:00] 收到UART数据: protocol_type=3, cmd_id=3, device_index=1, data_len=13
[2025-12-09 16:44:00] 分发UART数据: 13字节, cmd_id=3, device_index=1
[2025-12-09 16:44:00] 成功读取UART数据，UART索引: 1, 数据长度: 13字节
[2025-12-09 16:44:01] 收到UART数据: protocol_type=3, cmd_id=3, device_index=1, data_len=13
[2025-12-09 16:44:01] 分发UART数据: 13字节, cmd_id=3, device_index=1
[2025-12-09 16:44:01] 成功读取UART数据，UART索引: 1, 数据长度: 13字节
[2025-12-09 16:44:02] 收到UART数据: protocol_type=3, cmd_id=3, device_index=1, data_len=13
[2025-12-09 16:44:02] 分发UART数据: 13字节, cmd_id=3, device_index=1
[2025-12-09 16:44:02] 成功读取UART数据，UART索引: 1, 数据长度: 13字节
[2025-12-09 16:44:03] 收到UART数据: protocol_type=3, cmd_id=3, device_index=1, data_len=13
[2025-12-09 16:44:03] 分发UART数据: 13字节, cmd_id=3, device_index=1
[2025-12-09 16:44:03] 成功读取UART数据，UART索引: 1, 数据长度: 13字节
[2025-12-09 16:44:04] 收到UART数据: protocol_type=3, cmd_id=3, device_index=1, data_len=13
[2025-12-09 16:44:04] 分发UART数据: 13字节, cmd_id=3, device_index=1
[2025-12-09 16:44:04] 成功读取UART数据，UART索引: 1, 数据长度: 13字节
[2025-12-09 16:44:05] 收到UART数据: protocol_type=3, cmd_id=3, device_index=1, data_len=13
[2025-12-09 16:44:05] 分发UART数据: 13字节, cmd_id=3, device_index=1
[2025-12-09 16:44:05] 成功读取UART数据，UART索引: 1, 数据长度: 13字节
[2025-12-09 16:44:06] 收到UART数据: protocol_type=3, cmd_id=3, device_index=1, data_len=13
[2025-12-09 16:44:06] 分发UART数据: 13字节, cmd_id=3, device_index=1
[2025-12-09 16:44:07] 成功读取UART数据，UART索引: 1, 数据长度: 13字节
[2025-12-09 16:44:07] 收到UART数据: protocol_type=3, cmd_id=3, device_index=1, data_len=13
[2025-12-09 16:44:07] 分发UART数据: 13字节, cmd_id=3, device_index=1
[2025-12-09 16:44:07] 成功读取UART数据，UART索引: 1, 数据长度: 13字节
[2025-12-09 16:44:08] 收到UART数据: protocol_type=3, cmd_id=3, device_index=1, data_len=13
[2025-12-09 16:44:08] 分发UART数据: 13字节, cmd_id=3, device_index=1
[2025-12-09 16:44:08] 成功读取UART数据，UART索引: 1, 数据长度: 13字节
[2025-12-09 16:44:09] 收到UART数据: protocol_type=3, cmd_id=3, device_index=1, data_len=13
[2025-12-09 16:44:09] 分发UART数据: 13字节, cmd_id=3, device_index=1
[2025-12-09 16:44:09] 成功读取UART数据，UART索引: 1, 数据长度: 13字节
[2025-12-09 16:44:10] 收到UART数据: protocol_type=3, cmd_id=3, device_index=1, data_len=13
[2025-12-09 16:44:10] 分发UART数据: 13字节, cmd_id=3, device_index=1
[2025-12-09 16:44:10] 成功读取UART数据，UART索引: 1, 数据长度: 13字节
[2025-12-09 16:44:11] 收到UART数据: protocol_type=3, cmd_id=3, device_index=1, data_len=13
[2025-12-09 16:44:11] 分发UART数据: 13字节, cmd_id=3, device_index=1
[2025-12-09 16:44:12] 成功读取UART数据，UART索引: 1, 数据长度: 13字节
[2025-12-09 16:44:12] 收到UART数据: protocol_type=3, cmd_id=3, device_index=1, data_len=13
[2025-12-09 16:44:12] 分发UART数据: 13字节, cmd_id=3, device_index=1
[2025-12-09 16:44:13] 成功读取UART数据，UART索引: 1, 数据长度: 13字节
[2025-12-09 16:44:13] 收到UART数据: protocol_type=3, cmd_id=3, device_index=1, data_len=13
[2025-12-09 16:44:13] 分发UART数据: 13字节, cmd_id=3, device_index=1
[2025-12-09 16:44:14] 成功读取UART数据，UART索引: 1, 数据长度: 13字节
[2025-12-09 16:44:14] 收到UART数据: protocol_type=3, cmd_id=3, device_index=1, data_len=13
[2025-12-09 16:44:14] 分发UART数据: 13字节, cmd_id=3, device_index=1
[2025-12-09 16:44:15] 成功读取UART数据，UART索引: 1, 数据长度: 13字节
[2025-12-09 16:44:15] 收到UART数据: protocol_type=3, cmd_id=3, device_index=1, data_len=13
[2025-12-09 16:44:15] 分发UART数据: 13字节, cmd_id=3, device_index=1
[2025-12-09 16:44:16] 成功读取UART数据，UART索引: 1, 数据长度: 13字节
[2025-12-09 16:44:16] 收到UART数据: protocol_type=3, cmd_id=3, device_index=1, data_len=13
[2025-12-09 16:44:16] 分发UART数据: 13字节, cmd_id=3, device_index=1
[2025-12-09 16:44:17] 成功读取UART数据，UART索引: 1, 数据长度: 13字节
[2025-12-09 16:44:17] 收到UART数据: protocol_type=3, cmd_id=3, device_index=1, data_len=13
[2025-12-09 16:44:17] 分发UART数据: 13字节, cmd_id=3, device_index=1
[2025-12-09 16:44:17] 成功读取UART数据，UART索引: 1, 数据长度: 13字节
[2025-12-09 16:44:18] 收到UART数据: protocol_type=3, cmd_id=3, device_index=1, data_len=13
[2025-12-09 16:44:18] 分发UART数据: 13字节, cmd_id=3, device_index=1
[2025-12-09 16:44:18] 成功读取UART数据，UART索引: 1, 数据长度: 13字节
[2025-12-09 16:44:19] 收到UART数据: protocol_type=3, cmd_id=3, device_index=1, data_len=13
[2025-12-09 16:44:19] 分发UART数据: 13字节, cmd_id=3, device_index=1
[2025-12-09 16:44:19] 成功读取UART数据，UART索引: 1, 数据长度: 13字节
[2025-12-09 16:44:20] 收到UART数据: protocol_type=3, cmd_id=3, device_index=1, data_len=13
[2025-12-09 16:44:20] 分发UART数据: 13字节, cmd_id=3, device_index=1
[2025-12-09 16:44:20] 成功读取UART数据，UART索引: 1, 数据长度: 13字节
[2025-12-09 16:44:21] 收到UART数据: protocol_type=3, cmd_id=3, device_index=1, data_len=13
[2025-12-09 16:44:21] 分发UART数据: 13字节, cmd_id=3, device_index=1
[2025-12-09 16:44:21] 成功读取UART数据，UART索引: 1, 数据长度: 13字节
[2025-12-09 16:44:22] 收到UART数据: protocol_type=3, cmd_id=3, device_index=1, data_len=13
[2025-12-09 16:44:22] 分发UART数据: 13字节, cmd_id=3, device_index=1
[2025-12-09 16:44:22] 成功读取UART数据，UART索引: 1, 数据长度: 13字节
[2025-12-09 16:44:23] 收到UART数据: protocol_type=3, cmd_id=3, device_index=1, data_len=13
[2025-12-09 16:44:23] 分发UART数据: 13字节, cmd_id=3, device_index=1
[2025-12-09 16:44:24] 成功读取UART数据，UART索引: 1, 数据长度: 13字节
[2025-12-09 16:44:24] 收到UART数据: protocol_type=3, cmd_id=3, device_index=1, data_len=13
[2025-12-09 16:44:24] 分发UART数据: 13字节, cmd_id=3, device_index=1
[2025-12-09 16:44:24] 成功读取UART数据，UART索引: 1, 数据长度: 13字节
[2025-12-09 16:44:25] 收到UART数据: protocol_type=3, cmd_id=3, device_index=1, data_len=13
[2025-12-09 16:44:25] 分发UART数据: 13字节, cmd_id=3, device_index=1
[2025-12-09 16:44:25] 成功读取UART数据，UART索引: 1, 数据长度: 13字节
[2025-12-09 16:44:26] 收到UART数据: protocol_type=3, cmd_id=3, device_index=1, data_len=13
[2025-12-09 16:44:26] 分发UART数据: 13字节, cmd_id=3, device_index=1
[2025-12-09 16:44:26] 成功读取UART数据，UART索引: 1, 数据长度: 13字节
[2025-12-09 16:44:27] 收到UART数据: protocol_type=3, cmd_id=3, device_index=1, data_len=13
[2025-12-09 16:44:27] 分发UART数据: 13字节, cmd_id=3, device_index=1
[2025-12-09 16:44:28] 成功读取UART数据，UART索引: 1, 数据长度: 13字节
[2025-12-09 16:44:28] 收到UART数据: protocol_type=3, cmd_id=3, device_index=1, data_len=13
[2025-12-09 16:44:28] 分发UART数据: 13字节, cmd_id=3, device_index=1
[2025-12-09 16:44:28] 成功读取UART数据，UART索引: 1, 数据长度: 13字节
[2025-12-09 16:44:29] 收到UART数据: protocol_type=3, cmd_id=3, device_index=1, data_len=13
[2025-12-09 16:44:29] 分发UART数据: 13字节, cmd_id=3, device_index=1
[2025-12-09 16:44:29] 成功读取UART数据，UART索引: 1, 数据长度: 13字节
[2025-12-09 16:44:30] 关闭设备: 357C39673033
[2025-12-09 16:44:30] 开始关闭设备: 0
[2025-12-09 16:44:30] 找到设备槽位: 0, 序列号: 357C39673033
[2025-12-09 16:44:30] 停止读取线程: 设备ID 0
[2025-12-09 16:44:30] 收到UART数据: protocol_type=3, cmd_id=3, device_index=1, data_len=13
[2025-12-09 16:44:30] 分发UART数据: 13字节, cmd_id=3, device_index=1
[2025-12-09 16:44:30] 线程已停止: 设备ID 0
[2025-12-09 16:44:30] 释放环形缓冲区: 设备ID 0
[2025-12-09 16:44:30] 关闭设备句柄: 设备ID 0
[2025-12-09 16:44:30] 成功关闭设备: 0
[2025-12-09 16:44:30] 成功关闭设备: 357C39673033
[2025-12-09 16:44:30] USB中间层清理完成
[2025-12-09 16:45:16] USB日志已启用
[2025-12-09 16:45:16] 获取设备列表: 找到 13 个设备
[2025-12-09 16:45:16] 扫描到 1 个USB设备
[2025-12-09 16:45:16] 扫描到 1 个USB设备
[2025-12-09 16:45:16] 打开设备: 357C39673033
[2025-12-09 16:45:16] 获取设备列表: 找到 13 个设备
[2025-12-09 16:45:16] 成功打开设备: 357C39673033, 设备ID: 0
[2025-12-09 16:45:16] 成功打开设备，ID: 0
[2025-12-09 16:45:16] UART_Init开始执行
[2025-12-09 16:45:16] UART配置: BaudRate=115200, WordLength=0, StopBits=0, Parity=0, TEPolarity=0x00
[2025-12-09 16:45:16] UART初始化结果: 26
[2025-12-09 16:45:16] 收到UART数据: protocol_type=3, cmd_id=3, device_index=1, data_len=13
[2025-12-09 16:45:16] 分发UART数据: 13字节, cmd_id=3, device_index=1
[2025-12-09 16:45:16] 成功读取UART数据，UART索引: 1, 数据长度: 13字节
[2025-12-09 16:45:17] 收到UART数据: protocol_type=3, cmd_id=3, device_index=1, data_len=13
[2025-12-09 16:45:17] 分发UART数据: 13字节, cmd_id=3, device_index=1
[2025-12-09 16:45:17] 成功读取UART数据，UART索引: 1, 数据长度: 13字节
[2025-12-09 16:45:18] 收到UART数据: protocol_type=3, cmd_id=3, device_index=1, data_len=13
[2025-12-09 16:45:18] 分发UART数据: 13字节, cmd_id=3, device_index=1
[2025-12-09 16:45:18] 成功读取UART数据，UART索引: 1, 数据长度: 13字节
[2025-12-09 16:45:19] 收到UART数据: protocol_type=3, cmd_id=3, device_index=1, data_len=13
[2025-12-09 16:45:19] 分发UART数据: 13字节, cmd_id=3, device_index=1
[2025-12-09 16:45:19] 成功读取UART数据，UART索引: 1, 数据长度: 13字节
[2025-12-09 16:45:20] 关闭设备: 357C39673033
[2025-12-09 16:45:20] 开始关闭设备: 0
[2025-12-09 16:45:20] 找到设备槽位: 0, 序列号: 357C39673033
[2025-12-09 16:45:20] 停止读取线程: 设备ID 0
[2025-12-09 16:45:20] 收到UART数据: protocol_type=3, cmd_id=3, device_index=1, data_len=13
[2025-12-09 16:45:20] 分发UART数据: 13字节, cmd_id=3, device_index=1
[2025-12-09 16:45:20] 线程已停止: 设备ID 0
[2025-12-09 16:45:20] 释放环形缓冲区: 设备ID 0
[2025-12-09 16:45:20] 关闭设备句柄: 设备ID 0
[2025-12-09 16:45:20] 成功关闭设备: 0
[2025-12-09 16:45:20] 成功关闭设备: 357C39673033
[2025-12-09 16:45:20] USB中间层清理完成
[2025-12-09 16:57:56] USB日志已启用
[2025-12-09 16:57:56] 获取设备列表: 找到 13 个设备
[2025-12-09 16:57:56] 扫描到 1 个USB设备
[2025-12-09 16:57:56] 扫描到 1 个USB设备
[2025-12-09 16:57:56] 打开设备: 357C39673033
[2025-12-09 16:57:56] 获取设备列表: 找到 13 个设备
[2025-12-09 16:57:56] 成功打开设备: 357C39673033, 设备ID: 0
[2025-12-09 16:57:56] 成功打开设备，ID: 0
[2025-12-09 16:57:56] UART_Init开始执行
[2025-12-09 16:57:56] UART配置: BaudRate=115200, WordLength=0, StopBits=0, Parity=0, TEPolarity=0x00
[2025-12-09 16:57:56] UART初始化结果: 26
[2025-12-09 16:57:57] 成功发送UART数据，UART索引: 1, 数据长度: 12字节
[2025-12-09 16:57:57] 收到UART数据: protocol_type=3, cmd_id=3, device_index=1, data_len=13
[2025-12-09 16:57:57] 分发UART数据: 13字节, cmd_id=3, device_index=1
[2025-12-09 16:57:58] 成功发送UART数据，UART索引: 1, 数据长度: 8字节
[2025-12-09 16:57:58] 收到UART数据: protocol_type=3, cmd_id=3, device_index=1, data_len=13
[2025-12-09 16:57:58] 分发UART数据: 13字节, cmd_id=3, device_index=1
[2025-12-09 16:57:59] 成功发送UART数据，UART索引: 1, 数据长度: 200字节
[2025-12-09 16:57:59] 收到UART数据: protocol_type=3, cmd_id=3, device_index=1, data_len=13
[2025-12-09 16:57:59] 分发UART数据: 13字节, cmd_id=3, device_index=1
[2025-12-09 16:58:00] 收到UART数据: protocol_type=3, cmd_id=3, device_index=1, data_len=13
[2025-12-09 16:58:00] 分发UART数据: 13字节, cmd_id=3, device_index=1
[2025-12-09 16:58:01] 收到UART数据: protocol_type=3, cmd_id=3, device_index=1, data_len=13
[2025-12-09 16:58:01] 分发UART数据: 13字节, cmd_id=3, device_index=1
[2025-12-09 16:58:02] 收到UART数据: protocol_type=3, cmd_id=3, device_index=1, data_len=13
[2025-12-09 16:58:02] 分发UART数据: 13字节, cmd_id=3, device_index=1
[2025-12-09 16:58:03] 收到UART数据: protocol_type=3, cmd_id=3, device_index=1, data_len=13
[2025-12-09 16:58:03] 分发UART数据: 13字节, cmd_id=3, device_index=1
[2025-12-09 16:58:04] 收到UART数据: protocol_type=3, cmd_id=3, device_index=1, data_len=13
[2025-12-09 16:58:04] 分发UART数据: 13字节, cmd_id=3, device_index=1
[2025-12-09 16:58:05] 关闭设备: 357C39673033
[2025-12-09 16:58:05] 开始关闭设备: 0
[2025-12-09 16:58:05] 找到设备槽位: 0, 序列号: 357C39673033
[2025-12-09 16:58:05] 停止读取线程: 设备ID 0
[2025-12-09 16:58:05] 收到UART数据: protocol_type=3, cmd_id=3, device_index=1, data_len=13
[2025-12-09 16:58:05] 分发UART数据: 13字节, cmd_id=3, device_index=1
[2025-12-09 16:58:05] 线程已停止: 设备ID 0
[2025-12-09 16:58:05] 释放环形缓冲区: 设备ID 0
[2025-12-09 16:58:05] 关闭设备句柄: 设备ID 0
[2025-12-09 16:58:05] 成功关闭设备: 0
[2025-12-09 16:58:05] 成功关闭设备: 357C39673033
[2025-12-09 16:58:05] USB中间层清理完成
[2025-12-09 16:59:13] USB日志已启用
[2025-12-09 16:59:13] 获取设备列表: 找到 13 个设备
[2025-12-09 16:59:13] 扫描到 1 个USB设备
[2025-12-09 16:59:13] 扫描到 1 个USB设备
[2025-12-09 16:59:13] 打开设备: 357C39673033
[2025-12-09 16:59:13] 获取设备列表: 找到 13 个设备
[2025-12-09 16:59:13] 成功打开设备: 357C39673033, 设备ID: 0
[2025-12-09 16:59:13] 成功打开设备，ID: 0
[2025-12-09 16:59:13] 收到UART数据: protocol_type=3, cmd_id=3, device_index=1, data_len=13
[2025-12-09 16:59:13] UART_Init开始执行
[2025-12-09 16:59:13] 分发UART数据: 13字节, cmd_id=3, device_index=1
[2025-12-09 16:59:13] UART配置: BaudRate=115200, WordLength=0, StopBits=0, Parity=0, TEPolarity=0x00
[2025-12-09 16:59:13] UART初始化结果: 26
[2025-12-09 16:59:14] 成功发送UART数据，UART索引: 1, 数据长度: 11字节
[2025-12-09 16:59:14] 关闭设备: 357C39673033
[2025-12-09 16:59:14] 开始关闭设备: 0
[2025-12-09 16:59:14] 找到设备槽位: 0, 序列号: 357C39673033
[2025-12-09 16:59:14] 停止读取线程: 设备ID 0
[2025-12-09 16:59:14] 线程已停止: 设备ID 0
[2025-12-09 16:59:14] 释放环形缓冲区: 设备ID 0
[2025-12-09 16:59:14] 关闭设备句柄: 设备ID 0
[2025-12-09 16:59:14] 成功关闭设备: 0
[2025-12-09 16:59:14] 成功关闭设备: 357C39673033
[2025-12-09 16:59:14] USB中间层清理完成
[2025-12-09 17:12:12] USB日志已启用
[2025-12-09 17:12:12] 获取设备列表: 找到 13 个设备
[2025-12-09 17:12:12] 扫描到 1 个USB设备
[2025-12-09 17:12:12] 扫描到 1 个USB设备
[2025-12-09 17:12:12] 打开设备: 357C39673033
[2025-12-09 17:12:12] 获取设备列表: 找到 13 个设备
[2025-12-09 17:12:12] 成功打开设备: 357C39673033, 设备ID: 0
[2025-12-09 17:12:12] 收到UART数据: protocol_type=3, cmd_id=3, device_index=1, data_len=13
[2025-12-09 17:12:12] 成功打开设备，ID: 0
[2025-12-09 17:12:12] 分发UART数据: 13字节, cmd_id=3, device_index=1
[2025-12-09 17:12:12] UART_Init开始执行
[2025-12-09 17:12:12] UART配置: BaudRate=115200, WordLength=0, StopBits=0, Parity=0, TEPolarity=0x00
[2025-12-09 17:12:12] UART初始化结果: 26
[2025-12-09 17:12:13] 成功发送UART数据，UART索引: 1, 数据长度: 11字节
[2025-12-09 17:12:13] 关闭设备: 357C39673033
[2025-12-09 17:12:13] 开始关闭设备: 0
[2025-12-09 17:12:13] 找到设备槽位: 0, 序列号: 357C39673033
[2025-12-09 17:12:13] 停止读取线程: 设备ID 0
[2025-12-09 17:12:13] 线程已停止: 设备ID 0
[2025-12-09 17:12:13] 释放环形缓冲区: 设备ID 0
[2025-12-09 17:12:13] 关闭设备句柄: 设备ID 0
[2025-12-09 17:12:13] 成功关闭设备: 0
[2025-12-09 17:12:13] 成功关闭设备: 357C39673033
[2025-12-09 17:12:13] USB中间层清理完成
[2025-12-09 17:12:16] USB日志已启用
[2025-12-09 17:12:16] 获取设备列表: 找到 13 个设备
[2025-12-09 17:12:16] 扫描到 1 个USB设备
[2025-12-09 17:12:16] 扫描到 1 个USB设备
[2025-12-09 17:12:16] 打开设备: 357C39673033
[2025-12-09 17:12:16] 获取设备列表: 找到 13 个设备
[2025-12-09 17:12:16] 成功打开设备: 357C39673033, 设备ID: 0
[2025-12-09 17:12:16] 成功打开设备，ID: 0
[2025-12-09 17:12:16] UART_Init开始执行
[2025-12-09 17:12:16] UART配置: BaudRate=115200, WordLength=0, StopBits=0, Parity=0, TEPolarity=0x00
[2025-12-09 17:12:16] UART初始化结果: 26
[2025-12-09 17:12:17] 成功发送UART数据，UART索引: 1, 数据长度: 11字节
[2025-12-09 17:12:17] 关闭设备: 357C39673033
[2025-12-09 17:12:17] 开始关闭设备: 0
[2025-12-09 17:12:17] 找到设备槽位: 0, 序列号: 357C39673033
[2025-12-09 17:12:17] 停止读取线程: 设备ID 0
[2025-12-09 17:12:17] 线程已停止: 设备ID 0
[2025-12-09 17:12:17] 释放环形缓冲区: 设备ID 0
[2025-12-09 17:12:17] 关闭设备句柄: 设备ID 0
[2025-12-09 17:12:17] 成功关闭设备: 0
[2025-12-09 17:12:17] 成功关闭设备: 357C39673033
[2025-12-09 17:12:17] USB中间层清理完成
[2025-12-09 17:13:12] USB日志已启用
[2025-12-09 17:13:12] 获取设备列表: 找到 13 个设备
[2025-12-09 17:13:12] 扫描到 1 个USB设备
[2025-12-09 17:13:12] 扫描到 1 个USB设备
[2025-12-09 17:13:12] 打开设备: 357C39673033
[2025-12-09 17:13:12] 获取设备列表: 找到 13 个设备
[2025-12-09 17:13:12] 成功打开设备: 357C39673033, 设备ID: 0
[2025-12-09 17:13:12] 成功打开设备，ID: 0
[2025-12-09 17:13:12] UART_Init开始执行
[2025-12-09 17:13:12] UART配置: BaudRate=115200, WordLength=0, StopBits=0, Parity=0, TEPolarity=0x00
[2025-12-09 17:13:12] UART初始化结果: 26
[2025-12-09 17:13:13] 成功发送UART数据，UART索引: 1, 数据长度: 11字节
[2025-12-09 17:13:13] 关闭设备: 357C39673033
[2025-12-09 17:13:13] 开始关闭设备: 0
[2025-12-09 17:13:13] 找到设备槽位: 0, 序列号: 357C39673033
[2025-12-09 17:13:13] 停止读取线程: 设备ID 0
[2025-12-09 17:13:13] 线程已停止: 设备ID 0
[2025-12-09 17:13:13] 释放环形缓冲区: 设备ID 0
[2025-12-09 17:13:13] 关闭设备句柄: 设备ID 0
[2025-12-09 17:13:13] 成功关闭设备: 0
[2025-12-09 17:13:13] 成功关闭设备: 357C39673033
[2025-12-09 17:13:13] USB中间层清理完成
[2025-12-09 17:13:23] USB日志已启用
[2025-12-09 17:13:23] 获取设备列表: 找到 13 个设备
[2025-12-09 17:13:23] 扫描到 1 个USB设备
[2025-12-09 17:13:23] 扫描到 1 个USB设备
[2025-12-09 17:13:23] 打开设备: 357C39673033
[2025-12-09 17:13:23] 获取设备列表: 找到 13 个设备
[2025-12-09 17:13:23] 成功打开设备: 357C39673033, 设备ID: 0
[2025-12-09 17:13:23] 成功打开设备，ID: 0
[2025-12-09 17:13:23] UART_Init开始执行
[2025-12-09 17:13:23] UART配置: BaudRate=115200, WordLength=0, StopBits=0, Parity=0, TEPolarity=0x00
[2025-12-09 17:13:23] UART初始化结果: 26
[2025-12-09 17:13:24] 成功发送UART数据，UART索引: 1, 数据长度: 11字节
[2025-12-09 17:13:24] 关闭设备: 357C39673033
[2025-12-09 17:13:24] 开始关闭设备: 0
[2025-12-09 17:13:24] 找到设备槽位: 0, 序列号: 357C39673033
[2025-12-09 17:13:24] 停止读取线程: 设备ID 0
[2025-12-09 17:13:24] 线程已停止: 设备ID 0
[2025-12-09 17:13:24] 释放环形缓冲区: 设备ID 0
[2025-12-09 17:13:24] 关闭设备句柄: 设备ID 0
[2025-12-09 17:13:24] 成功关闭设备: 0
[2025-12-09 17:13:24] 成功关闭设备: 357C39673033
[2025-12-09 17:13:24] USB中间层清理完成
